Log file open, 01/22/15 18:55:08
LogInit:Display: Running engine for game: WorldEater
LogInit: Version: 4.4.3-2296771+++depot+UE4-Releases+4.4
LogInit: API Version: 2255576
LogInit: Compiled (64-bit): Sep 13 2014 22:30:58
LogInit: Build Configuration: Development
LogInit: Branch Name: ++depot+UE4-Releases+4.4
LogInit: Command line:  
LogInit: Base directory: C:/Program Files/Unreal Engine/4.4/Engine/Binaries/Win64/
LogInit: Rocket: 1
[2015.01.22-23.55.08:572][  0]LogTaskGraph: Started task graph with 3 named threads and 4 total threads.
[2015.01.22-23.55.08:604][  0]LogOnline:Warning: No default platform service specified for OnlineSubsystem
[2015.01.22-23.55.08:618][  0]LogInit: Presizing for 0 objects not considered by GC, pre-allocating 0 bytes.
[2015.01.22-23.55.08:626][  0]LogInit: Object subsystem initialized
[2015.01.22-23.55.08:629][  0]LogInit: Selected Device Profile: [Windows]
[2015.01.22-23.55.08:629][  0]LogInit: Applying CVar settings loaded from the selected device profile: [Windows]
[2015.01.22-23.55.08:635][  0]LogInit: Computer: ANDROMEDA-PC
[2015.01.22-23.55.08:635][  0]LogInit: User: Andromeda
[2015.01.22-23.55.08:636][  0]LogInit: CPU Page size=4096, Cores=3
[2015.01.22-23.55.08:636][  0]LogInit: High frequency timer resolution =3.418056 MHz
[2015.01.22-23.55.08:636][  0]LogMemory: Memory total: Physical=7.9GB (8GB approx) Virtual=8192.0GB
[2015.01.22-23.55.08:637][  0]LogMemory: Platform Memory Stats for Windows
[2015.01.22-23.55.08:637][  0]LogMemory: Process Physical Memory: 62.98 MB used, 62.98 MB peak
[2015.01.22-23.55.08:637][  0]LogMemory: Process Virtual Memory: 38.54 MB used, 38.54 MB peak
[2015.01.22-23.55.08:637][  0]LogMemory: Physical Memory: 2973.47 MB used, 8140.05 MB total
[2015.01.22-23.55.08:637][  0]LogMemory: Virtual Memory: 263.41 MB used, 8388608.00 MB total
[2015.01.22-23.55.08:678][  0]LogD3D11RHI: Found D3D11 adapter 0: AMD Radeon R7 200 Series (Feature Level 11_0)
[2015.01.22-23.55.08:678][  0]LogD3D11RHI: Adapter has 2025MB of dedicated video memory, 0MB of dedicated system memory, and 3814MB of shared system memory, 1 output[s]
[2015.01.22-23.55.08:678][  0]LogD3D11RHI: Chosen D3D11 Adapter Id = 0
[2015.01.22-23.55.08:685][  0]LogRHI: Texture pool is 1361 MB (70% of 1945 MB)
[2015.01.22-23.55.08:695][  0]LogD3D11RHI: Async texture creation disabled: no driver support
[2015.01.22-23.55.08:834][  0]LogContentStreaming: Texture pool size is 0.000000MB
[2015.01.22-23.55.10:560][  0]LogTargetPlatformManager:Display: Building Assets For Windows
[2015.01.22-23.55.11:094][  0]LogTargetPlatformManager:Display: Building Assets For Windows
[2015.01.22-23.55.11:150][  0]LogDerivedDataCache:Display: Max Cache Size: 512 MB
[2015.01.22-23.55.11:229][  0]LogDerivedDataCache: Loaded boot cache 0.08s 39MB C:/Users/Andromeda/AppData/Local/UnrealEngine/4.4/DerivedDataCache/Boot.ddc.
[2015.01.22-23.55.11:229][  0]LogDerivedDataCache:Display: Loaded Boot cache: C:/Users/Andromeda/AppData/Local/UnrealEngine/4.4/DerivedDataCache/Boot.ddc
[2015.01.22-23.55.11:229][  0]LogDerivedDataCache: FDerivedDataBackendGraph:  Pak pak cache file ../../../../../../Users/Andromeda/Documents/Unreal Projects/WorldEater/DerivedDataCache/DDC.ddp not found, will not use a pak cache.
[2015.01.22-23.55.11:229][  0]LogDerivedDataCache: Unable to find inner node Pak for hierarchical cache Hierarchy.
[2015.01.22-23.55.11:244][  0]LogDerivedDataCache:Display: Pak cache opened for reading ../../../Engine/DerivedDataCache/DDC.ddp.
[2015.01.22-23.55.11:256][  0]LogDerivedDataCache: Using Local data cache path C:/Users/Andromeda/AppData/Local/UnrealEngine/4.4/DerivedDataCache: Writable
[2015.01.22-23.55.11:464][  0]LogMeshUtilities: No automatic mesh reduction module available
[2015.01.22-23.55.11:464][  0]LogMeshUtilities: No automatic mesh merging module available
[2015.01.22-23.55.11:902][  0]LogInit: WinSock: version 1.1 (2.2), MaxSocks=32767, MaxUdp=65467
[2015.01.22-23.55.12:824][  0]LogStats:Warning: MetaData mismatch. Did you assign a stat to two groups? New //STATGROUP_Threads//FMonitoredProcess///Thread_1f60_0///////STATCAT_Advanced//// old //STATGROUP_Threads//FMonitoredProcess///Thread_1228_0///////STATCAT_Advanced////
[2015.01.22-23.55.12:824][  0]UdpMessaging: Initializing bridge on interface 0.0.0.0:0 to multicast group 230.0.0.1:6666.
[2015.01.22-23.55.12:966][  0]SourceControl: Info Source control is disabled
[2015.01.22-23.55.12:966][  0]SourceControl: Info Source control is disabled
[2015.01.22-23.55.12:976][  0]SourceControl: Info Source control is disabled
[2015.01.22-23.55.13:218][  0]BlueprintLog: New page: Editor Load
[2015.01.22-23.55.13:370][  0]LogObj: 21438 objects as part of root set at end of initial load.
[2015.01.22-23.55.13:370][  0]LogUObjectAllocator: 4218656 out of 0 bytes used by permanent object pool.
[2015.01.22-23.55.13:558][  0]LogEngine: Initializing Engine...
[2015.01.22-23.55.13:684][  0]LogInit: XAudio2 using 'Speakers (Realtek High Definition Audio)' : 2 channels at 48 kHz using 32 bits per sample (channel mask 0x3)
[2015.01.22-23.55.13:700][  0]LogInit: FAudioDevice initialized.
[2015.01.22-23.55.13:724][  0]LogAIModule: Creating AISystem for world NewWorld
[2015.01.22-23.55.13:767][  0]LogDerivedDataCache: Saved boot cache 0.04s 39MB C:/Users/Andromeda/AppData/Local/UnrealEngine/4.4/DerivedDataCache/Boot.ddc.
[2015.01.22-23.55.13:780][  0]LogInit: Texture streaming: Enabled
[2015.01.22-23.55.13:827][  0]LogInit: Transaction tracking system initialized
[2015.01.22-23.55.13:995][  0]LogAssetRegistry: FAssetRegistry took 0.0096 seconds to start up
[2015.01.22-23.55.14:653][  0]LogTargetPlatformManager:Display: Building Assets For Windows
[2015.01.22-23.55.15:062][  0]LogTargetPlatformManager:Display: Building Assets For Windows
[2015.01.22-23.55.15:255][  0]LogConsoleResponse:Display: 
[2015.01.22-23.55.15:490][  0]LogStats:Warning: MetaData mismatch. Did you assign a stat to two groups? New //STATGROUP_Threads//FMonitoredProcess///Thread_1de8_0///////STATCAT_Advanced//// old //STATGROUP_Threads//FMonitoredProcess///Thread_1228_0///////STATCAT_Advanced////
[2015.01.22-23.55.15:490][  0]LogStats:Warning: MetaData mismatch. Did you assign a stat to two groups? New //STATGROUP_Threads//FMonitoredProcess///Thread_1ec0_0///////STATCAT_Advanced//// old //STATGROUP_Threads//FMonitoredProcess///Thread_1228_0///////STATCAT_Advanced////
[2015.01.22-23.55.15:490][  0]SourceControl: Info Source control is disabled
[2015.01.22-23.55.15:490][  0]Cmd: MAP LOAD FILE="../../../../../../Users/Andromeda/Documents/Unreal Projects/WorldEater/Content/Maps/Example_Map.umap" TEMPLATE=0 SHOWPROGRESS=1
[2015.01.22-23.55.15:491][  0]LightingResults: New page: Lighting Build
[2015.01.22-23.55.15:503][  0]MapCheck: New page: Map Check
[2015.01.22-23.55.15:503][  0]LightingResults: New page: Lighting Build
[2015.01.22-23.55.15:517][  0]LogParticles: Destroying 0 GPU particle simulations for FXSystem 0x00000000119DD300
[2015.01.22-23.55.15:825][  0]LogEditorServer: Finished looking for orphan Actors (0.000 secs)
[2015.01.22-23.55.15:825][  0]LogAIModule: Creating AISystem for world Example_Map
[2015.01.22-23.55.15:825][  0]Cmd: MAP CHECKDEP
[2015.01.22-23.55.15:825][  0]MapCheck: New page: Example_Map - Jan 22, 2015, 1:55:15 PM
[2015.01.22-23.55.15:952][  0]MapCheck: Info ========== Map Check: 0 Error(s), 0 Warning(s), [126.409ms] ==========
[2015.01.22-23.55.15:952][  0]LogFileHelpers: Loading map 'Example_Map' took 0.462
[2015.01.22-23.55.16:082][  0]LogCollectionManager: Loaded 0 collections in 0.001139 seconds
[2015.01.22-23.55.16:279][  0]LogCrashTracker: Crashtracker disabled due to settings.
[2015.01.22-23.55.16:336][  0]LogLoad: Full Startup: 9.74 seconds (BP compile: 0.07 seconds)
[2015.01.22-23.55.16:352][  0]LogContentBrowser:Verbose: The content browser source was changed by the sources view to '/Game/Blueprints'
[2015.01.22-23.55.16:492][  0]LogRenderer:Warning: Reallocating scene render targets to support 568x680.
[2015.01.22-23.55.16:790][  2]LogAssetRegistry: Asset discovery search completed in 2.8056 seconds
[2015.01.23-00.13.11:337][636]LogContentBrowser:Verbose: The content browser source was changed by the sources view to '/Game/Blueprints'
[2015.01.23-00.13.32:469][898]LogFileHelpers: Editor autosave (incl. sublevels) for '/Game/Maps/Example_Map' took 0.023
[2015.01.23-00.13.32:484][898]OBJ SavePackage: Generating thumbnails for [0] asset(s) in package [/Game/Blueprints/BP_WorldEaterGM] ([1] browsable assets)...
[2015.01.23-00.13.32:498][898]OBJ SavePackage: Finished generating thumbnails for package [/Game/Blueprints/BP_WorldEaterGM]
[2015.01.23-00.13.32:557][898]LogSavePackage: Save=27.704929ms
[2015.01.23-00.13.32:557][898]LogSavePackage: Moving '../../../../../../Users/Andromeda/Documents/Unreal Projects/WorldEater/Saved/BP_WorldEaterGM_Auto16E5AB3DC4B848B3D4B747FACFADA1342.tmp' to '../../../../../../Users/Andromeda/Documents/Unreal Projects/WorldEater/Saved/Autosaves/Game/Blueprints/BP_WorldEaterGM_Auto1.uasset'
[2015.01.23-00.13.32:569][898]LogFileHelpers: Auto-saving content packages took 0.100
[2015.01.23-00.13.40:831][727]Cmd: UpdateLandscapeSetup
[2015.01.23-00.14.02:299][452]LogContentBrowser:Verbose: The content browser source was changed by the sources view to '/Game/Blueprints'
[2015.01.23-00.14.29:394][606]LogMetaData: Removing '/Game/Blueprints/BP_WEGameMode.SKEL_BP_WEGameMode_C' ref from Metadata '/Game/Blueprints/BP_WorldEaterGM.PackageMetaData'
[2015.01.23-00.14.29:394][606]LogMetaData: Removing '/Game/Blueprints/BP_WEGameMode.BP_WEGameMode_C' ref from Metadata '/Game/Blueprints/BP_WorldEaterGM.PackageMetaData'
[2015.01.23-00.14.29:434][606]Cmd: OBJ SAVEPACKAGE PACKAGE="/Game/Blueprints/BP_WEGameMode" FILE="../../../../../../Users/Andromeda/Documents/Unreal Projects/WorldEater/Content/Blueprints/BP_WEGameMode.uasset" SILENT=true
[2015.01.23-00.14.29:448][606]LogSavePackage: Save=11.280389ms
[2015.01.23-00.14.29:448][606]LogSavePackage: Moving '../../../../../../Users/Andromeda/Documents/Unreal Projects/WorldEater/Saved/BP_WEGameModeCAEF17404895199FC4FE52A2DD509319.tmp' to '../../../../../../Users/Andromeda/Documents/Unreal Projects/WorldEater/Content/Blueprints/BP_WEGameMode.uasset'
[2015.01.23-00.15.28:683][513]LogSlate:Warning: Prevented a slow task dialog from being summoned while a context menu was open
[2015.01.23-00.15.40:182][549]Cmd: OBJ SAVEPACKAGE PACKAGE="/Game/Blueprints/BP_WEGameMode" FILE="../../../../../../Users/Andromeda/Documents/Unreal Projects/WorldEater/Content/Blueprints/BP_WEGameMode.uasset" SILENT=true
[2015.01.23-00.15.40:212][549]LogSavePackage: Save=21.094740ms
[2015.01.23-00.15.40:212][549]LogSavePackage: Moving '../../../../../../Users/Andromeda/Documents/Unreal Projects/WorldEater/Saved/BP_WEGameMode78E35B9C4D20F108E64B00B896416708.tmp' to '../../../../../../Users/Andromeda/Documents/Unreal Projects/WorldEater/Content/Blueprints/BP_WEGameMode.uasset'
[2015.01.23-00.15.40:921][602]BlueprintLog: New page: Compile BP_WEGameMode
[2015.01.23-00.15.41:014][602]BlueprintEditorCompileResults: Info [1234.32] Compile of BP_WEGameMode successful! [in 0 ms]
[2015.01.23-00.15.54:072][577]LogSavePackage: Save=924.151306ms
[2015.01.23-00.15.54:072][577]LogSavePackage: Moving '../../../../../../Users/Andromeda/Documents/Unreal Projects/WorldEater/Saved/Example_MapADF1AFC849C2B965E08A93A15E999657.tmp' to '../../../../../../Users/Andromeda/Documents/Unreal Projects/WorldEater/Content/Maps/Example_Map.umap'
[2015.01.23-00.16.07:894][648]LogRenderer:Warning: Reallocating scene render targets to support 968x680.
[2015.01.23-00.18.01:623][748]LogSlate:Warning: Prevented a slow task dialog from being summoned while a context menu was open
[2015.01.23-00.18.05:113][ 29]LogSlate:Warning: Prevented a slow task dialog from being summoned while a context menu was open
[2015.01.23-00.18.05:184][ 29]LogLinker:Warning: Can't find file '/Game/ExampleContent/Audio/Audio/Anim_Sequence/Player_Pawn/Idle_Cue'
[2015.01.23-00.18.05:184][ 29]LogLinker:Warning: Can't find file for asset '/Game/ExampleContent/Audio/Audio/Anim_Sequence/Player_Pawn/Idle_Cue' while loading ../../../../../../Users/Andromeda/Documents/Unreal Projects/WorldEater/Content/Animations/Idle.uasset.
[2015.01.23-00.18.05:185][ 29]LoadErrors:Error: Error /Game/Animations/Idle : Can't find file for asset. /Game/ExampleContent/Audio/Audio/Anim_Sequence/Player_Pawn/Idle_Cue
[2015.01.23-00.18.05:185][ 29]LogLinker:Warning: Can't find file '/Game/ExampleContent/Audio/Audio/Anim_Sequence/Player_Pawn/Idle_Cue'
[2015.01.23-00.18.05:185][ 29]LogLinker:Warning: Can't find file for asset '/Game/ExampleContent/Audio/Audio/Anim_Sequence/Player_Pawn/Idle_Cue' while loading ../../../../../../Users/Andromeda/Documents/Unreal Projects/WorldEater/Content/Animations/Idle.uasset.
[2015.01.23-00.18.05:412][ 29]LogLinker:Warning: Can't find file '/Game/ExampleContent/Audio/Audio/Anim_Sequence/Player_Pawn/Idle_Cue'
[2015.01.23-00.18.05:412][ 29]LoadErrors: Info Failed to load /Game/ExampleContent/Audio/Audio/Anim_Sequence/Player_Pawn/Idle_Cue.Idle_Cue Referenced by AnimNotify_PlaySound_C_1 Property /Engine/EngineAnimNotifies/AnimNotify_PlaySound.AnimNotify_PlaySound_C:Sound
[2015.01.23-00.18.05:412][ 29]LogLinker:Warning: Can't find file for asset '/Game/ExampleContent/Audio/Audio/Anim_Sequence/Player_Pawn/Idle_Cue' while loading NULL.
[2015.01.23-00.18.15:487][713]LogLinker:Warning: Can't find file '/Game/DemoRoom/Materials/M_DemoWall_Inst_3'
[2015.01.23-00.18.15:488][713]LogLinker:Warning: Can't find file for asset '/Game/DemoRoom/Materials/M_DemoWall_Inst_3' while loading ../../../../../../Users/Andromeda/Documents/Unreal Projects/WorldEater/Content/Character/HeroTPP.uasset.
[2015.01.23-00.18.15:488][713]LoadErrors:Error: Error /Game/Character/HeroTPP : Can't find file for asset. /Game/DemoRoom/Materials/M_DemoWall_Inst_3
[2015.01.23-00.18.15:490][713]LogLinker:Warning: Can't find file '/Game/DemoRoom/Materials/M_DemoWall_Inst_3'
[2015.01.23-00.18.15:490][713]LogLinker:Warning: Can't find file for asset '/Game/DemoRoom/Materials/M_DemoWall_Inst_3' while loading ../../../../../../Users/Andromeda/Documents/Unreal Projects/WorldEater/Content/Character/HeroTPP.uasset.
[2015.01.23-00.18.15:509][713]LogLinker:Warning: Can't find file '/Game/DemoRoom/Materials/M_DemoWall_Inst_3'
[2015.01.23-00.18.15:509][713]LoadErrors: Info Failed to load /Game/DemoRoom/Materials/M_DemoWall_Inst_3.M_DemoWall_Inst_3 Referenced by HeroTPP
[2015.01.23-00.18.15:509][713]LogLinker:Warning: Can't find file for asset '/Game/DemoRoom/Materials/M_DemoWall_Inst_3' while loading NULL.
[2015.01.23-00.21.34:654][681]Cmd: OBJ SAVEPACKAGE PACKAGE="/Game/Blueprints/BP_WorldEater" FILE="../../../../../../Users/Andromeda/Documents/Unreal Projects/WorldEater/Content/Blueprints/BP_WorldEater.uasset" SILENT=true
[2015.01.23-00.21.35:042][681]LogSavePackage: Save=383.481415ms
[2015.01.23-00.21.35:042][681]LogSavePackage: Moving '../../../../../../Users/Andromeda/Documents/Unreal Projects/WorldEater/Saved/BP_WorldEater1BB5BED54CACB8D5DD5810AF91B09F01.tmp' to '../../../../../../Users/Andromeda/Documents/Unreal Projects/WorldEater/Content/Blueprints/BP_WorldEater.uasset'
[2015.01.23-00.23.19:522][177]LogSlate:Warning: GetFontFace failed to load or process 'Roboto-Regular'
[2015.01.23-00.23.19:522][177]LogSlate:Warning: GetFontFace failed to load or process 'Roboto-Regular'
[2015.01.23-00.23.19:528][177]LogSlate:Warning: GetFontFace failed to load or process 'Roboto-Regular'
[2015.01.23-00.23.19:529][177]LogSlate:Warning: GetFontFace failed to load or process 'Roboto-Regular'
[2015.01.23-00.23.19:529][177]LogSlate:Warning: GetFontFace failed to load or process 'Roboto-Regular'
[2015.01.23-00.23.19:529][177]LogSlate:Warning: GetFontFace failed to load or process 'Roboto-Regular'
[2015.01.23-00.23.19:529][177]LogSlate:Warning: GetFontFace failed to load or process 'Roboto-Regular'
[2015.01.23-00.23.19:529][177]LogSlate:Warning: GetFontFace failed to load or process 'Roboto-Regular'
[2015.01.23-00.23.19:529][177]LogSlate:Warning: GetFontFace failed to load or process 'Roboto-Regular'
[2015.01.23-00.23.19:529][177]LogSlate:Warning: GetFontFace failed to load or process 'Roboto-Regular'
[2015.01.23-00.23.19:530][177]LogSlate:Warning: GetFontFace failed to load or process 'Roboto-Regular'
[2015.01.23-00.23.19:530][177]LogSlate:Warning: GetFontFace failed to load or process 'Roboto-Regular'
[2015.01.23-00.23.19:530][177]LogSlate:Warning: GetFontFace failed to load or process 'Roboto-Regular'
[2015.01.23-00.23.19:530][177]LogSlate:Warning: GetFontFace failed to load or process 'Roboto-Regular'
[2015.01.23-00.23.19:530][177]LogSlate:Warning: GetFontFace failed to load or process 'Roboto-Regular'
[2015.01.23-00.23.19:530][177]LogSlate:Warning: GetFontFace failed to load or process 'Roboto-Regular'
[2015.01.23-00.23.19:530][177]LogSlate:Warning: GetFontFace failed to load or process 'Roboto-Regular'
[2015.01.23-00.23.19:531][177]LogSlate:Warning: GetFontFace failed to load or process 'Roboto-Regular'
[2015.01.23-00.24.20:613][ 59]LogSlate:Warning: GetFontFace failed to load or process 'Roboto-Regular'
[2015.01.23-00.24.20:613][ 59]LogSlate:Warning: GetFontFace failed to load or process 'Roboto-Regular'
[2015.01.23-00.24.20:613][ 59]LogSlate:Warning: GetFontFace failed to load or process 'Roboto-Regular'
[2015.01.23-00.24.20:613][ 59]LogSlate:Warning: GetFontFace failed to load or process 'Roboto-Regular'
[2015.01.23-00.26.30:653][309]LogSlate:Warning: GetFontFace failed to load or process 'Roboto-Regular'
[2015.01.23-00.26.45:000][ 57]LogParticles: Destroying 0 GPU particle simulations for FXSystem 0x00000000255F3240
[2015.01.23-00.26.45:001][ 57]LogParticles: Destroying 0 GPU particle simulations for FXSystem 0x000000001F6EB6A0
[2015.01.23-00.26.45:012][ 57]LogFileHelpers: Editor autosave (incl. sublevels) for '/Game/Maps/Example_Map' took 0.048
[2015.01.23-00.26.45:082][ 57]LogSavePackage: Save=13.670929ms
[2015.01.23-00.26.45:082][ 57]LogSavePackage: Moving '../../../../../../Users/Andromeda/Documents/Unreal Projects/WorldEater/Saved/BP_WorldEaterGM_Auto2315C6E2D43031034F4B68CBD55D20F46.tmp' to '../../../../../../Users/Andromeda/Documents/Unreal Projects/WorldEater/Saved/Autosaves/Game/Blueprints/BP_WorldEaterGM_Auto2.uasset'
[2015.01.23-00.26.45:110][ 57]OBJ SavePackage: Generating thumbnails for [1] asset(s) in package [/Game/Blueprints/BP_WorldEater] ([1] browsable assets)...
[2015.01.23-00.26.45:135][ 57]OBJ SavePackage:     Rendered thumbnail for [Blueprint /Game/Blueprints/BP_WorldEater.BP_WorldEater]
[2015.01.23-00.26.45:135][ 57]OBJ SavePackage: Finished generating thumbnails for package [/Game/Blueprints/BP_WorldEater]
[2015.01.23-00.26.45:565][ 57]LogSavePackage: Save=392.698364ms
[2015.01.23-00.26.45:565][ 57]LogSavePackage: Moving '../../../../../../Users/Andromeda/Documents/Unreal Projects/WorldEater/Saved/BP_WorldEater_Auto2CB98F9C040249D591F35D0AE7D1CEFBA.tmp' to '../../../../../../Users/Andromeda/Documents/Unreal Projects/WorldEater/Saved/Autosaves/Game/Blueprints/BP_WorldEater_Auto2.uasset'
[2015.01.23-00.26.45:580][ 57]LogFileHelpers: Auto-saving content packages took 0.568
[2015.01.23-00.28.03:515][373]LogEditorTransaction: Undo Create Pin Link
[2015.01.23-00.31.23:010][877]Cmd: OBJ SAVEPACKAGE PACKAGE="/Game/Blueprints/BP_WorldEater" FILE="../../../../../../Users/Andromeda/Documents/Unreal Projects/WorldEater/Content/Blueprints/BP_WorldEater.uasset" SILENT=true
[2015.01.23-00.31.23:397][877]LogSavePackage: Save=379.880249ms
[2015.01.23-00.31.23:397][877]LogSavePackage: Moving '../../../../../../Users/Andromeda/Documents/Unreal Projects/WorldEater/Saved/BP_WorldEaterD68F2DD4463F184A72A054A91E311456.tmp' to '../../../../../../Users/Andromeda/Documents/Unreal Projects/WorldEater/Content/Blueprints/BP_WorldEater.uasset'
[2015.01.23-00.31.24:113][924]BlueprintLog: New page: Compile BP_WorldEater
[2015.01.23-00.31.24:210][924]BlueprintEditorCompileResults: Info [2177.51] Compile of BP_WorldEater successful! [in 1 ms]
[2015.01.23-00.31.28:190][222]LogPlayLevel: PIE:  No blueprints needed recompiling
[2015.01.23-00.31.28:190][222]PIE: New page: PIE session: Example_Map (Jan 22, 2015, 2:31:28 PM)
[2015.01.23-00.31.28:273][222]LogPlayLevel: PIE: StaticDuplicateObject took: (0.081963s)
[2015.01.23-00.31.28:275][222]LogPlayLevel: PIE: World Init took: (0.002165s)
[2015.01.23-00.31.28:276][222]LogPlayLevel: PIE: Created PIE world by copying editor world from /Game/Maps/Example_Map.Example_Map to /Game/Maps/UEDPIE_0_Example_Map.Example_Map (0.084966s)
[2015.01.23-00.31.28:316][222]LogWorld: Game class is 'BP_WEGameMode_C'
[2015.01.23-00.31.28:318][222]LogAIModule: Creating AISystem for world Example_Map
[2015.01.23-00.31.28:324][222]LogWorld: Bringing World /Game/Maps/UEDPIE_0_Example_Map.Example_Map up for play (max tick rate 0) at 2015.01.22-19.31.28
[2015.01.23-00.31.28:325][222]LogWorld: Bringing up level for play took: 0.007218
[2015.01.23-00.31.28:326][222]PIE: Info Play in editor start time for /Game/Maps/UEDPIE_0_Example_Map -0.711
[2015.01.23-00.31.28:434][223]LogRenderer:Warning: Reallocating scene render targets to support 968x688.
[2015.01.23-00.31.34:736][806]LogParticles: Destroying 0 GPU particle simulations for FXSystem 0x00000000049907C0
[2015.01.23-00.32.30:041][308]LogUObjectGlobals:Warning: Failed to find object 'Object None.'
[2015.01.23-00.32.30:042][308]LogUObjectGlobals:Warning: Failed to find object 'Object None.'
[2015.01.23-00.32.30:042][308]LogUObjectGlobals:Warning: Failed to find object 'Object None.'
[2015.01.23-00.32.30:042][308]LogUObjectGlobals:Warning: Failed to find object 'Object None.'
[2015.01.23-00.32.30:042][308]LogUObjectGlobals:Warning: Failed to find object 'Object None.'
[2015.01.23-00.32.30:042][308]LogUObjectGlobals:Warning: Failed to find object 'Object None.'
[2015.01.23-00.32.30:042][308]LogUObjectGlobals:Warning: Failed to find object 'Object None.'
[2015.01.23-00.32.30:043][308]LogProperty:Warning: ObjectProperty /Script/Engine.EdGraphPin:LinkedTo.LinkedTo: unresolved reference to 'EdGraphPin'"K2Node_CommutativeAssociativeBinaryOperator_391.EdGraphPin_3921"''
[2015.01.23-00.32.30:043][308]LogProperty:Warning: ObjectProperty /Script/Engine.EdGraphPin:LinkedTo.LinkedTo: unresolved reference to 'EdGraphPin'"K2Node_CallFunction_29749.EdGraphPin_3914"''
[2015.01.23-00.32.30:044][308]LogProperty:Warning: ObjectProperty /Script/Engine.EdGraphPin:LinkedTo.LinkedTo: unresolved reference to 'EdGraphPin'"K2Node_CallFunction_36809.EdGraphPin_3943"''
[2015.01.23-00.32.30:044][308]LogProperty:Warning: ObjectProperty /Script/Engine.EdGraphPin:LinkedTo.LinkedTo: unresolved reference to 'EdGraphPin'"K2Node_CallFunction_36809.EdGraphPin_3942"''
[2015.01.23-00.32.30:044][308]LogProperty:Warning: ObjectProperty /Script/Engine.EdGraphPin:LinkedTo.LinkedTo: unresolved reference to 'EdGraphPin'"K2Node_CallFunction_35397.EdGraphPin_3938"''
[2015.01.23-00.32.30:045][308]LogProperty:Warning: ObjectProperty /Script/Engine.EdGraphPin:LinkedTo.LinkedTo: unresolved reference to 'EdGraphPin'"K2Node_CallFunction_36809.EdGraphPin_3941"''
[2015.01.23-00.34.26:894][549]Cmd: OBJ SAVEPACKAGE PACKAGE="/Game/Blueprints/BP_WorldEater" FILE="../../../../../../Users/Andromeda/Documents/Unreal Projects/WorldEater/Content/Blueprints/BP_WorldEater.uasset" SILENT=true
[2015.01.23-00.34.27:294][549]LogSavePackage: Save=389.776245ms
[2015.01.23-00.34.27:294][549]LogSavePackage: Moving '../../../../../../Users/Andromeda/Documents/Unreal Projects/WorldEater/Saved/BP_WorldEater8649E6814579D4CC97C5E68FC9A19315.tmp' to '../../../../../../Users/Andromeda/Documents/Unreal Projects/WorldEater/Content/Blueprints/BP_WorldEater.uasset'
[2015.01.23-00.34.27:708][570]BlueprintLog: New page: Compile BP_WorldEater
[2015.01.23-00.34.27:819][570]BlueprintEditorCompileResults: Info [2361.11] Compile of BP_WorldEater successful! [in 2 ms]
[2015.01.23-00.34.31:552][845]LogPlayLevel: PIE:  No blueprints needed recompiling
[2015.01.23-00.34.31:553][845]PIE: New page: PIE session: Example_Map (Jan 22, 2015, 2:34:31 PM)
[2015.01.23-00.34.31:639][845]LogPlayLevel: PIE: StaticDuplicateObject took: (0.085994s)
[2015.01.23-00.34.31:641][845]LogPlayLevel: PIE: World Init took: (0.002137s)
[2015.01.23-00.34.31:641][845]LogPlayLevel: PIE: Created PIE world by copying editor world from /Game/Maps/Example_Map.Example_Map to /Game/Maps/UEDPIE_0_Example_Map.Example_Map (0.088595s)
[2015.01.23-00.34.31:670][845]LogWorld: Game class is 'BP_WEGameMode_C'
[2015.01.23-00.34.31:671][845]LogAIModule: Creating AISystem for world Example_Map
[2015.01.23-00.34.31:679][845]LogWorld: Bringing World /Game/Maps/UEDPIE_0_Example_Map.Example_Map up for play (max tick rate 0) at 2015.01.22-19.34.31
[2015.01.23-00.34.31:680][845]LogWorld: Bringing up level for play took: 0.008818
[2015.01.23-00.34.31:682][845]PIE: Info Play in editor start time for /Game/Maps/UEDPIE_0_Example_Map 0.642
[2015.01.23-00.34.42:870][878]LogParticles: Destroying 0 GPU particle simulations for FXSystem 0x000000001EC3BBA0
[2015.01.23-00.35.07:498][543]Cmd: OBJ SAVEPACKAGE PACKAGE="/Game/Blueprints/BP_WorldEater" FILE="../../../../../../Users/Andromeda/Documents/Unreal Projects/WorldEater/Content/Blueprints/BP_WorldEater.uasset" SILENT=true
[2015.01.23-00.35.07:880][543]LogSavePackage: Save=375.040375ms
[2015.01.23-00.35.07:880][543]LogSavePackage: Moving '../../../../../../Users/Andromeda/Documents/Unreal Projects/WorldEater/Saved/BP_WorldEater303FB9FB42C650C7D66FF2BC302EFFE9.tmp' to '../../../../../../Users/Andromeda/Documents/Unreal Projects/WorldEater/Content/Blueprints/BP_WorldEater.uasset'
[2015.01.23-00.35.08:290][572]BlueprintLog: New page: Compile BP_WorldEater
[2015.01.23-00.35.08:388][572]BlueprintEditorCompileResults: Info [2401.69] Compile of BP_WorldEater successful! [in 2 ms]
[2015.01.23-00.35.11:971][853]LogPlayLevel: PIE:  No blueprints needed recompiling
[2015.01.23-00.35.11:971][853]PIE: New page: PIE session: Example_Map (Jan 22, 2015, 2:35:11 PM)
[2015.01.23-00.35.12:052][853]LogPlayLevel: PIE: StaticDuplicateObject took: (0.081551s)
[2015.01.23-00.35.12:055][853]LogPlayLevel: PIE: World Init took: (0.002218s)
[2015.01.23-00.35.12:055][853]LogPlayLevel: PIE: Created PIE world by copying editor world from /Game/Maps/Example_Map.Example_Map to /Game/Maps/UEDPIE_0_Example_Map.Example_Map (0.084128s)
[2015.01.23-00.35.12:079][853]LogWorld: Game class is 'BP_WEGameMode_C'
[2015.01.23-00.35.12:081][853]LogAIModule: Creating AISystem for world Example_Map
[2015.01.23-00.35.12:089][853]LogWorld: Bringing World /Game/Maps/UEDPIE_0_Example_Map.Example_Map up for play (max tick rate 0) at 2015.01.22-19.35.12
[2015.01.23-00.35.12:090][853]LogWorld: Bringing up level for play took: 0.009418
[2015.01.23-00.35.12:092][853]PIE: Info Play in editor start time for /Game/Maps/UEDPIE_0_Example_Map 1.053
[2015.01.23-00.35.23:125][874]LogParticles: Destroying 0 GPU particle simulations for FXSystem 0x0000000028C7A020
[2015.01.23-00.37.01:078][873]BlueprintLog: New page: Compile BP_WorldEater
[2015.01.23-00.37.01:190][873]BlueprintEditorCompileResults: Info [2514.48] Compile of BP_WorldEater successful! [in 2 ms]
[2015.01.23-00.37.01:985][898]Cmd: OBJ SAVEPACKAGE PACKAGE="/Game/Blueprints/BP_WorldEater" FILE="../../../../../../Users/Andromeda/Documents/Unreal Projects/WorldEater/Content/Blueprints/BP_WorldEater.uasset" SILENT=true
[2015.01.23-00.37.02:383][898]LogSavePackage: Save=387.762512ms
[2015.01.23-00.37.02:383][898]LogSavePackage: Moving '../../../../../../Users/Andromeda/Documents/Unreal Projects/WorldEater/Saved/BP_WorldEaterD968648F4539B14E600691B4F26C5ECB.tmp' to '../../../../../../Users/Andromeda/Documents/Unreal Projects/WorldEater/Content/Blueprints/BP_WorldEater.uasset'
[2015.01.23-00.37.05:234][104]LogPlayLevel: PIE:  No blueprints needed recompiling
[2015.01.23-00.37.05:234][104]PIE: New page: PIE session: Example_Map (Jan 22, 2015, 2:37:05 PM)
[2015.01.23-00.37.05:324][104]LogPlayLevel: PIE: StaticDuplicateObject took: (0.089963s)
[2015.01.23-00.37.05:325][104]LogPlayLevel: PIE: World Init took: (0.001106s)
[2015.01.23-00.37.05:325][104]LogPlayLevel: PIE: Created PIE world by copying editor world from /Game/Maps/Example_Map.Example_Map to /Game/Maps/UEDPIE_0_Example_Map.Example_Map (0.091400s)
[2015.01.23-00.37.05:354][104]LogWorld: Game class is 'BP_WEGameMode_C'
[2015.01.23-00.37.05:356][104]LogAIModule: Creating AISystem for world Example_Map
[2015.01.23-00.37.05:362][104]LogWorld: Bringing World /Game/Maps/UEDPIE_0_Example_Map.Example_Map up for play (max tick rate 0) at 2015.01.22-19.37.05
[2015.01.23-00.37.05:363][104]LogWorld: Bringing up level for play took: 0.006729
[2015.01.23-00.37.05:364][104]PIE: Info Play in editor start time for /Game/Maps/UEDPIE_0_Example_Map 0.324
[2015.01.23-00.37.12:532][715]LogParticles: Destroying 0 GPU particle simulations for FXSystem 0x000000000DCBB740
[2015.01.23-00.37.15:480][887]Cmd: OBJ SAVEPACKAGE PACKAGE="/Game/Blueprints/BP_WorldEater" FILE="../../../../../../Users/Andromeda/Documents/Unreal Projects/WorldEater/Content/Blueprints/BP_WorldEater.uasset" SILENT=true
[2015.01.23-00.37.15:542][887]LogSavePackage: Save=52.661804ms
[2015.01.23-00.37.15:542][887]LogSavePackage: Moving '../../../../../../Users/Andromeda/Documents/Unreal Projects/WorldEater/Saved/BP_WorldEaterE468F6024FBB291729D0219F6721FA33.tmp' to '../../../../../../Users/Andromeda/Documents/Unreal Projects/WorldEater/Content/Blueprints/BP_WorldEater.uasset'
[2015.01.23-00.37.41:415][ 91]BlueprintLog: New page: Compile BP_WorldEater
[2015.01.23-00.37.41:519][ 91]BlueprintEditorCompileResults: Info [2554.82] Compile of BP_WorldEater successful! [in 2 ms]
[2015.01.23-00.37.42:340][117]Cmd: OBJ SAVEPACKAGE PACKAGE="/Game/Blueprints/BP_WorldEater" FILE="../../../../../../Users/Andromeda/Documents/Unreal Projects/WorldEater/Content/Blueprints/BP_WorldEater.uasset" SILENT=true
[2015.01.23-00.37.42:728][117]LogSavePackage: Save=379.858307ms
[2015.01.23-00.37.42:728][117]LogSavePackage: Moving '../../../../../../Users/Andromeda/Documents/Unreal Projects/WorldEater/Saved/BP_WorldEaterB1CEC5984E61FF2EB58223A50E74C354.tmp' to '../../../../../../Users/Andromeda/Documents/Unreal Projects/WorldEater/Content/Blueprints/BP_WorldEater.uasset'
[2015.01.23-00.37.45:721][313]LogPlayLevel: PIE:  No blueprints needed recompiling
[2015.01.23-00.37.45:721][313]PIE: New page: PIE session: Example_Map (Jan 22, 2015, 2:37:45 PM)
[2015.01.23-00.37.45:806][313]LogPlayLevel: PIE: StaticDuplicateObject took: (0.085167s)
[2015.01.23-00.37.45:808][313]LogPlayLevel: PIE: World Init took: (0.001910s)
[2015.01.23-00.37.45:808][313]LogPlayLevel: PIE: Created PIE world by copying editor world from /Game/Maps/Example_Map.Example_Map to /Game/Maps/UEDPIE_0_Example_Map.Example_Map (0.087457s)
[2015.01.23-00.37.45:833][313]LogWorld: Game class is 'BP_WEGameMode_C'
[2015.01.23-00.37.45:835][313]LogAIModule: Creating AISystem for world Example_Map
[2015.01.23-00.37.45:841][313]LogWorld: Bringing World /Game/Maps/UEDPIE_0_Example_Map.Example_Map up for play (max tick rate 0) at 2015.01.22-19.37.45
[2015.01.23-00.37.45:842][313]LogWorld: Bringing up level for play took: 0.007192
[2015.01.23-00.37.45:843][313]PIE: Info Play in editor start time for /Game/Maps/UEDPIE_0_Example_Map 0.803
[2015.01.23-00.37.57:111][281]LogParticles: Destroying 0 GPU particle simulations for FXSystem 0x00000000052F27A0
[2015.01.23-00.40.13:307][298]LogSlate:Warning: GetFontFace failed to load or process 'Roboto-Regular'
[2015.01.23-00.40.13:307][298]LogSlate:Warning: GetFontFace failed to load or process 'Roboto-Regular'
[2015.01.23-00.40.13:308][298]LogSlate:Warning: GetFontFace failed to load or process 'Roboto-Regular'
[2015.01.23-00.40.13:308][298]LogSlate:Warning: GetFontFace failed to load or process 'Roboto-Regular'
[2015.01.23-00.40.13:308][298]LogSlate:Warning: GetFontFace failed to load or process 'Roboto-Regular'
[2015.01.23-00.40.13:309][298]LogSlate:Warning: GetFontFace failed to load or process 'Roboto-Regular'
[2015.01.23-00.40.13:309][298]LogSlate:Warning: GetFontFace failed to load or process 'Roboto-Regular'
[2015.01.23-00.40.13:309][298]LogSlate:Warning: GetFontFace failed to load or process 'Roboto-Regular'
[2015.01.23-00.40.13:310][298]LogSlate:Warning: GetFontFace failed to load or process 'Roboto-Regular'
[2015.01.23-00.40.55:951][242]Cmd: OBJ SAVEPACKAGE PACKAGE="/Game/Blueprints/BP_WorldEater" FILE="../../../../../../Users/Andromeda/Documents/Unreal Projects/WorldEater/Content/Blueprints/BP_WorldEater.uasset" SILENT=true
[2015.01.23-00.40.56:000][242]LogSavePackage: Save=37.916290ms
[2015.01.23-00.40.56:000][242]LogSavePackage: Moving '../../../../../../Users/Andromeda/Documents/Unreal Projects/WorldEater/Saved/BP_WorldEaterFFCC50704B09045CD8599B97E4249D2B.tmp' to '../../../../../../Users/Andromeda/Documents/Unreal Projects/WorldEater/Content/Blueprints/BP_WorldEater.uasset'
[2015.01.23-00.41.06:904][ 50]LogPlayLevel: PIE:  No blueprints needed recompiling
[2015.01.23-00.41.06:904][ 50]PIE: New page: PIE session: Example_Map (Jan 22, 2015, 2:41:06 PM)
[2015.01.23-00.41.06:990][ 50]LogPlayLevel: PIE: StaticDuplicateObject took: (0.085118s)
[2015.01.23-00.41.06:991][ 50]LogPlayLevel: PIE: World Init took: (0.001085s)
[2015.01.23-00.41.06:991][ 50]LogPlayLevel: PIE: Created PIE world by copying editor world from /Game/Maps/Example_Map.Example_Map to /Game/Maps/UEDPIE_0_Example_Map.Example_Map (0.086525s)
[2015.01.23-00.41.07:016][ 50]LogWorld: Game class is 'BP_WEGameMode_C'
[2015.01.23-00.41.07:018][ 50]LogAIModule: Creating AISystem for world Example_Map
[2015.01.23-00.41.07:025][ 50]LogWorld: Bringing World /Game/Maps/UEDPIE_0_Example_Map.Example_Map up for play (max tick rate 0) at 2015.01.22-19.41.07
[2015.01.23-00.41.07:026][ 50]LogWorld: Bringing up level for play took: 0.007466
[2015.01.23-00.41.07:027][ 50]PIE: Info Play in editor start time for /Game/Maps/UEDPIE_0_Example_Map -0.014
[2015.01.23-00.41.14:144][651]LogParticles: Destroying 0 GPU particle simulations for FXSystem 0x00000000252E31A0
[2015.01.23-00.41.49:760][447]LogPlayLevel: PIE:  No blueprints needed recompiling
[2015.01.23-00.41.49:760][447]PIE: New page: PIE session: Example_Map (Jan 22, 2015, 2:41:49 PM)
[2015.01.23-00.41.49:841][447]LogPlayLevel: PIE: StaticDuplicateObject took: (0.080578s)
[2015.01.23-00.41.49:843][447]LogPlayLevel: PIE: World Init took: (0.002327s)
[2015.01.23-00.41.49:843][447]LogPlayLevel: PIE: Created PIE world by copying editor world from /Game/Maps/Example_Map.Example_Map to /Game/Maps/UEDPIE_0_Example_Map.Example_Map (0.083280s)
[2015.01.23-00.41.49:870][447]LogWorld: Game class is 'BP_WEGameMode_C'
[2015.01.23-00.41.49:872][447]LogAIModule: Creating AISystem for world Example_Map
[2015.01.23-00.41.49:878][447]LogWorld: Bringing World /Game/Maps/UEDPIE_0_Example_Map.Example_Map up for play (max tick rate 0) at 2015.01.22-19.41.49
[2015.01.23-00.41.49:879][447]LogWorld: Bringing up level for play took: 0.006869
[2015.01.23-00.41.49:880][447]PIE: Info Play in editor start time for /Game/Maps/UEDPIE_0_Example_Map 0.839
[2015.01.23-00.41.57:032][104]LogParticles: Destroying 0 GPU particle simulations for FXSystem 0x0000000028C7AA20
[2015.01.23-00.43.05:496][671]LogPlayLevel: PIE:  No blueprints needed recompiling
[2015.01.23-00.43.05:496][671]PIE: New page: PIE session: Example_Map (Jan 22, 2015, 2:43:05 PM)
[2015.01.23-00.43.05:580][671]LogPlayLevel: PIE: StaticDuplicateObject took: (0.083511s)
[2015.01.23-00.43.05:583][671]LogPlayLevel: PIE: World Init took: (0.002880s)
[2015.01.23-00.43.05:583][671]LogPlayLevel: PIE: Created PIE world by copying editor world from /Game/Maps/Example_Map.Example_Map to /Game/Maps/UEDPIE_0_Example_Map.Example_Map (0.086708s)
[2015.01.23-00.43.05:609][671]LogWorld: Game class is 'BP_WEGameMode_C'
[2015.01.23-00.43.05:610][671]LogAIModule: Creating AISystem for world Example_Map
[2015.01.23-00.43.05:619][671]LogWorld: Bringing World /Game/Maps/UEDPIE_0_Example_Map.Example_Map up for play (max tick rate 0) at 2015.01.22-19.43.05
[2015.01.23-00.43.05:619][671]LogWorld: Bringing up level for play took: 0.008919
[2015.01.23-00.43.05:621][671]PIE: Info Play in editor start time for /Game/Maps/UEDPIE_0_Example_Map 0.579
[2015.01.23-00.43.09:359][  0]LogParticles: Destroying 0 GPU particle simulations for FXSystem 0x0000000028C78A40
[2015.01.23-00.43.56:142][720]BlueprintLog: New page: Compile BP_WorldEater
[2015.01.23-00.43.56:248][720]BlueprintEditorCompileResults: Info [2929.54] Compile of BP_WorldEater successful! [in 2 ms]
[2015.01.23-00.44.05:154][284]LogPlayLevel: PIE:  No blueprints needed recompiling
[2015.01.23-00.44.05:154][284]PIE: New page: PIE session: Example_Map (Jan 22, 2015, 2:44:05 PM)
[2015.01.23-00.44.05:238][284]LogPlayLevel: PIE: StaticDuplicateObject took: (0.083253s)
[2015.01.23-00.44.05:240][284]LogPlayLevel: PIE: World Init took: (0.001916s)
[2015.01.23-00.44.05:240][284]LogPlayLevel: PIE: Created PIE world by copying editor world from /Game/Maps/Example_Map.Example_Map to /Game/Maps/UEDPIE_0_Example_Map.Example_Map (0.085496s)
[2015.01.23-00.44.05:269][284]LogWorld: Game class is 'BP_WEGameMode_C'
[2015.01.23-00.44.05:271][284]LogAIModule: Creating AISystem for world Example_Map
[2015.01.23-00.44.05:278][284]LogWorld: Bringing World /Game/Maps/UEDPIE_0_Example_Map.Example_Map up for play (max tick rate 0) at 2015.01.22-19.44.05
[2015.01.23-00.44.05:279][284]LogWorld: Bringing up level for play took: 0.007372
[2015.01.23-00.44.05:280][284]PIE: Info Play in editor start time for /Game/Maps/UEDPIE_0_Example_Map 0.238
[2015.01.23-00.44.20:280][630]LogParticles: Destroying 0 GPU particle simulations for FXSystem 0x000000001ED2F1A0
[2015.01.23-00.45.23:981][962]LogSlate:Warning: GetFontFace failed to load or process 'Roboto-Regular'
[2015.01.23-00.45.23:981][962]LogSlate:Warning: GetFontFace failed to load or process 'Roboto-Regular'
[2015.01.23-00.45.23:981][962]LogSlate:Warning: GetFontFace failed to load or process 'Roboto-Regular'
[2015.01.23-00.46.24:946][135]Cmd: OBJ SAVEPACKAGE PACKAGE="/Game/Blueprints/BP_WorldEater" FILE="../../../../../../Users/Andromeda/Documents/Unreal Projects/WorldEater/Content/Blueprints/BP_WorldEater.uasset" SILENT=true
[2015.01.23-00.46.25:339][135]LogSavePackage: Save=382.365875ms
[2015.01.23-00.46.25:339][135]LogSavePackage: Moving '../../../../../../Users/Andromeda/Documents/Unreal Projects/WorldEater/Saved/BP_WorldEater530C0E4849D0C08ECD9150AD269592F5.tmp' to '../../../../../../Users/Andromeda/Documents/Unreal Projects/WorldEater/Content/Blueprints/BP_WorldEater.uasset'
[2015.01.23-00.48.07:196][733]LogFileHelpers: Editor autosave (incl. sublevels) for '/Game/Maps/Example_Map' took 0.022
[2015.01.23-00.48.07:209][733]OBJ SavePackage: Generating thumbnails for [0] asset(s) in package [/Game/Blueprints/BP_WorldEater] ([1] browsable assets)...
[2015.01.23-00.48.07:220][733]OBJ SavePackage: Finished generating thumbnails for package [/Game/Blueprints/BP_WorldEater]
[2015.01.23-00.48.07:290][733]LogSavePackage: Save=43.440483ms
[2015.01.23-00.48.07:290][733]LogSavePackage: Moving '../../../../../../Users/Andromeda/Documents/Unreal Projects/WorldEater/Saved/BP_WorldEater_Auto3BE4C817B4A9A09CE8D9088A9129DAA49.tmp' to '../../../../../../Users/Andromeda/Documents/Unreal Projects/WorldEater/Saved/Autosaves/Game/Blueprints/BP_WorldEater_Auto3.uasset'
[2015.01.23-00.48.07:303][733]LogFileHelpers: Auto-saving content packages took 0.107
[2015.01.23-00.51.56:410][ 94]LogUObjectGlobals:Warning: Failed to find object 'Object None.'
[2015.01.23-00.51.56:410][ 94]LogUObjectGlobals:Warning: Failed to find object 'Object None.'
[2015.01.23-00.51.56:410][ 94]LogUObjectGlobals:Warning: Failed to find object 'Object None.'
[2015.01.23-00.51.56:411][ 94]LogProperty:Warning: ObjectProperty /Script/Engine.EdGraphPin:LinkedTo.LinkedTo: unresolved reference to 'EdGraphPin'"K2Node_CallFunction_74655.EdGraphPin_4379"''
[2015.01.23-00.51.56:411][ 94]LogProperty:Warning: ObjectProperty /Script/Engine.EdGraphPin:LinkedTo.LinkedTo: unresolved reference to 'EdGraphPin'"K2Node_CallFunction_74129.EdGraphPin_4373"''
[2015.01.23-00.51.56:411][ 94]LogProperty:Warning: ObjectProperty /Script/Engine.EdGraphPin:LinkedTo.LinkedTo: unresolved reference to 'EdGraphPin'"K2Node_CallFunction_74655.EdGraphPin_4382"''
[2015.01.23-00.52.42:692][303]BlueprintLog: New page: Compile BP_WorldEater
[2015.01.23-00.52.42:798][303]BlueprintEditorCompileResults: Info [3456.10] Compile of BP_WorldEater successful! [in 4 ms]
[2015.01.23-00.52.43:493][323]Cmd: OBJ SAVEPACKAGE PACKAGE="/Game/Blueprints/BP_WorldEater" FILE="../../../../../../Users/Andromeda/Documents/Unreal Projects/WorldEater/Content/Blueprints/BP_WorldEater.uasset" SILENT=true
[2015.01.23-00.52.43:894][323]LogSavePackage: Save=390.967834ms
[2015.01.23-00.52.43:894][323]LogSavePackage: Moving '../../../../../../Users/Andromeda/Documents/Unreal Projects/WorldEater/Saved/BP_WorldEater19BAF5204815C678ADD4E9B3707A5A38.tmp' to '../../../../../../Users/Andromeda/Documents/Unreal Projects/WorldEater/Content/Blueprints/BP_WorldEater.uasset'
[2015.01.23-00.52.47:446][589]LogPlayLevel: PIE:  No blueprints needed recompiling
[2015.01.23-00.52.47:446][589]PIE: New page: PIE session: Example_Map (Jan 22, 2015, 2:52:47 PM)
[2015.01.23-00.52.47:531][589]LogPlayLevel: PIE: StaticDuplicateObject took: (0.084803s)
[2015.01.23-00.52.47:533][589]LogPlayLevel: PIE: World Init took: (0.001701s)
[2015.01.23-00.52.47:533][589]LogPlayLevel: PIE: Created PIE world by copying editor world from /Game/Maps/Example_Map.Example_Map to /Game/Maps/UEDPIE_0_Example_Map.Example_Map (0.086826s)
[2015.01.23-00.52.47:559][589]LogWorld: Game class is 'BP_WEGameMode_C'
[2015.01.23-00.52.47:561][589]LogAIModule: Creating AISystem for world Example_Map
[2015.01.23-00.52.47:567][589]LogWorld: Bringing World /Game/Maps/UEDPIE_0_Example_Map.Example_Map up for play (max tick rate 0) at 2015.01.22-19.52.47
[2015.01.23-00.52.47:568][589]LogWorld: Bringing up level for play took: 0.006804
[2015.01.23-00.52.47:569][589]PIE: Info Play in editor start time for /Game/Maps/UEDPIE_0_Example_Map 0.525
[2015.01.23-00.53.02:661][927]LogParticles: Destroying 0 GPU particle simulations for FXSystem 0x000000000B1298A0
[2015.01.23-00.53.06:816][263]LogPlayLevel: PIE:  No blueprints needed recompiling
[2015.01.23-00.53.06:816][263]PIE: New page: PIE session: Example_Map (Jan 22, 2015, 2:53:06 PM)
[2015.01.23-00.53.06:901][263]LogPlayLevel: PIE: StaticDuplicateObject took: (0.084822s)
[2015.01.23-00.53.06:904][263]LogPlayLevel: PIE: World Init took: (0.002553s)
[2015.01.23-00.53.06:904][263]LogPlayLevel: PIE: Created PIE world by copying editor world from /Game/Maps/Example_Map.Example_Map to /Game/Maps/UEDPIE_0_Example_Map.Example_Map (0.087673s)
[2015.01.23-00.53.06:930][263]LogWorld: Game class is 'BP_WEGameMode_C'
[2015.01.23-00.53.06:932][263]LogAIModule: Creating AISystem for world Example_Map
[2015.01.23-00.53.06:939][263]LogWorld: Bringing World /Game/Maps/UEDPIE_0_Example_Map.Example_Map up for play (max tick rate 0) at 2015.01.22-19.53.06
[2015.01.23-00.53.06:940][263]LogWorld: Bringing up level for play took: 0.007497
[2015.01.23-00.53.06:941][263]PIE: Info Play in editor start time for /Game/Maps/UEDPIE_0_Example_Map -0.103
[2015.01.23-00.53.24:609][849]LogParticles: Destroying 0 GPU particle simulations for FXSystem 0x000000002587AE80
[2015.01.23-00.53.59:409][  3]BlueprintLog: New page: Compile BP_WorldEater
[2015.01.23-00.53.59:501][  3]BlueprintEditorCompileResults: Info [3532.81] Compile of BP_WorldEater successful! [in 3 ms]
[2015.01.23-00.54.00:521][ 37]Cmd: OBJ SAVEPACKAGE PACKAGE="/Game/Blueprints/BP_WorldEater" FILE="../../../../../../Users/Andromeda/Documents/Unreal Projects/WorldEater/Content/Blueprints/BP_WorldEater.uasset" SILENT=true
[2015.01.23-00.54.00:913][ 37]LogSavePackage: Save=383.878143ms
[2015.01.23-00.54.00:913][ 37]LogSavePackage: Moving '../../../../../../Users/Andromeda/Documents/Unreal Projects/WorldEater/Saved/BP_WorldEaterC28613B24FA702E5D39C7B8173AADBCD.tmp' to '../../../../../../Users/Andromeda/Documents/Unreal Projects/WorldEater/Content/Blueprints/BP_WorldEater.uasset'
[2015.01.23-00.54.03:783][255]LogPlayLevel: PIE:  No blueprints needed recompiling
[2015.01.23-00.54.03:783][255]PIE: New page: PIE session: Example_Map (Jan 22, 2015, 2:54:03 PM)
[2015.01.23-00.54.03:863][255]LogPlayLevel: PIE: StaticDuplicateObject took: (0.079970s)
[2015.01.23-00.54.03:864][255]LogPlayLevel: PIE: World Init took: (0.001280s)
[2015.01.23-00.54.03:865][255]LogPlayLevel: PIE: Created PIE world by copying editor world from /Game/Maps/Example_Map.Example_Map to /Game/Maps/UEDPIE_0_Example_Map.Example_Map (0.081606s)
[2015.01.23-00.54.03:890][255]LogWorld: Game class is 'BP_WEGameMode_C'
[2015.01.23-00.54.03:892][255]LogAIModule: Creating AISystem for world Example_Map
[2015.01.23-00.54.03:899][255]LogWorld: Bringing World /Game/Maps/UEDPIE_0_Example_Map.Example_Map up for play (max tick rate 0) at 2015.01.22-19.54.03
[2015.01.23-00.54.03:899][255]LogWorld: Bringing up level for play took: 0.007202
[2015.01.23-00.54.03:901][255]PIE: Info Play in editor start time for /Game/Maps/UEDPIE_0_Example_Map 0.856
[2015.01.23-00.54.18:916][605]LogParticles: Destroying 0 GPU particle simulations for FXSystem 0x00000000055731A0
[2015.01.23-00.58.55:534][739]LogFileHelpers: Editor autosave (incl. sublevels) for '/Game/Maps/Example_Map' took 0.025
[2015.01.23-01.16.26:302][259]LogFileHelpers: Editor autosave (incl. sublevels) for '/Game/Maps/Example_Map' took 0.020
[2015.01.23-01.17.29:499][667]LogSavePackage: Save=651.211670ms
[2015.01.23-01.17.29:499][667]LogSavePackage: Moving '../../../../../../Users/Andromeda/Documents/Unreal Projects/WorldEater/Saved/Example_MapF2BCBA124E4099EB865D66A06EB66C8F.tmp' to '../../../../../../Users/Andromeda/Documents/Unreal Projects/WorldEater/Content/Maps/Example_Map.umap'
[2015.01.23-01.20.17:763][208]BlueprintLog: New page: Compile BP_WorldEater
[2015.01.23-01.20.17:872][208]BlueprintEditorCompileResults: Info [5111.16] Compile of BP_WorldEater successful! [in 3 ms]
[2015.01.23-01.20.21:397][531]LogPlayLevel: PIE:  No blueprints needed recompiling
[2015.01.23-01.20.21:397][531]PIE: New page: PIE session: Example_Map (Jan 22, 2015, 3:20:21 PM)
[2015.01.23-01.20.21:488][531]LogPlayLevel: PIE: StaticDuplicateObject took: (0.091043s)
[2015.01.23-01.20.21:490][531]LogPlayLevel: PIE: World Init took: (0.001363s)
[2015.01.23-01.20.21:490][531]LogPlayLevel: PIE: Created PIE world by copying editor world from /Game/Maps/Example_Map.Example_Map to /Game/Maps/UEDPIE_0_Example_Map.Example_Map (0.092705s)
[2015.01.23-01.20.21:517][531]LogWorld: Game class is 'BP_WEGameMode_C'
[2015.01.23-01.20.21:518][531]LogAIModule: Creating AISystem for world Example_Map
[2015.01.23-01.20.21:525][531]LogWorld: Bringing World /Game/Maps/UEDPIE_0_Example_Map.Example_Map up for play (max tick rate 0) at 2015.01.22-20.20.21
[2015.01.23-01.20.21:526][531]LogWorld: Bringing up level for play took: 0.007324
[2015.01.23-01.20.21:527][531]PIE: Info Play in editor start time for /Game/Maps/UEDPIE_0_Example_Map 0.475
[2015.01.23-01.21.22:016][772]LogParticles: Destroying 0 GPU particle simulations for FXSystem 0x00000000055732E0
[2015.01.23-01.23.06:954][ 57]LogUObjectGlobals:Warning: Failed to find object 'Object None.'
[2015.01.23-01.23.17:747][666]BlueprintLog: New page: Compile BP_WorldEater
[2015.01.23-01.23.17:860][666]BlueprintEditorCompileResults: Info [5291.14] Compile of BP_WorldEater successful! [in 4 ms]
[2015.01.23-01.23.21:495][956]LogPlayLevel: PIE:  No blueprints needed recompiling
[2015.01.23-01.23.21:496][956]PIE: New page: PIE session: Example_Map (Jan 22, 2015, 3:23:21 PM)
[2015.01.23-01.23.21:596][956]LogPlayLevel: PIE: StaticDuplicateObject took: (0.098758s)
[2015.01.23-01.23.21:599][956]LogPlayLevel: PIE: World Init took: (0.002907s)
[2015.01.23-01.23.21:599][956]LogPlayLevel: PIE: Created PIE world by copying editor world from /Game/Maps/Example_Map.Example_Map to /Game/Maps/UEDPIE_0_Example_Map.Example_Map (0.101997s)
[2015.01.23-01.23.21:624][956]LogWorld: Game class is 'BP_WEGameMode_C'
[2015.01.23-01.23.21:625][956]LogAIModule: Creating AISystem for world Example_Map
[2015.01.23-01.23.21:634][956]LogWorld: Bringing World /Game/Maps/UEDPIE_0_Example_Map.Example_Map up for play (max tick rate 0) at 2015.01.22-20.23.21
[2015.01.23-01.23.21:635][956]LogWorld: Bringing up level for play took: 0.009922
[2015.01.23-01.23.21:636][956]PIE: Info Play in editor start time for /Game/Maps/UEDPIE_0_Example_Map 0.583
[2015.01.23-01.23.47:747][658]LogParticles: Destroying 0 GPU particle simulations for FXSystem 0x000000003655AAC0
[2015.01.23-01.23.58:549][366]BlueprintLog: New page: Compile BP_WorldEater
[2015.01.23-01.23.58:641][366]BlueprintEditorCompileResults: Info [5331.94] Compile of BP_WorldEater successful! [in 3 ms]
[2015.01.23-01.24.01:783][627]LogPlayLevel: PIE:  No blueprints needed recompiling
[2015.01.23-01.24.01:784][627]PIE: New page: PIE session: Example_Map (Jan 22, 2015, 3:24:01 PM)
[2015.01.23-01.24.01:862][627]LogPlayLevel: PIE: StaticDuplicateObject took: (0.078491s)
[2015.01.23-01.24.01:865][627]LogPlayLevel: PIE: World Init took: (0.002912s)
[2015.01.23-01.24.01:865][627]LogPlayLevel: PIE: Created PIE world by copying editor world from /Game/Maps/Example_Map.Example_Map to /Game/Maps/UEDPIE_0_Example_Map.Example_Map (0.081737s)
[2015.01.23-01.24.01:892][627]LogWorld: Game class is 'BP_WEGameMode_C'
[2015.01.23-01.24.01:894][627]LogAIModule: Creating AISystem for world Example_Map
[2015.01.23-01.24.01:900][627]LogWorld: Bringing World /Game/Maps/UEDPIE_0_Example_Map.Example_Map up for play (max tick rate 0) at 2015.01.22-20.24.01
[2015.01.23-01.24.01:901][627]LogWorld: Bringing up level for play took: 0.006742
[2015.01.23-01.24.01:902][627]PIE: Info Play in editor start time for /Game/Maps/UEDPIE_0_Example_Map 0.849
[2015.01.23-01.24.44:181][ 15]LogParticles: Destroying 0 GPU particle simulations for FXSystem 0x00000000172C8180
[2015.01.23-01.24.55:195][719]BlueprintLog: New page: Compile BP_WorldEater
[2015.01.23-01.24.55:290][719]BlueprintEditorCompileResults: Info [5388.59] Compile of BP_WorldEater successful! [in 4 ms]
[2015.01.23-01.24.58:562][989]LogPlayLevel: PIE:  No blueprints needed recompiling
[2015.01.23-01.24.58:562][989]PIE: New page: PIE session: Example_Map (Jan 22, 2015, 3:24:58 PM)
[2015.01.23-01.24.58:645][989]LogPlayLevel: PIE: StaticDuplicateObject took: (0.082796s)
[2015.01.23-01.24.58:648][989]LogPlayLevel: PIE: World Init took: (0.002550s)
[2015.01.23-01.24.58:648][989]LogPlayLevel: PIE: Created PIE world by copying editor world from /Game/Maps/Example_Map.Example_Map to /Game/Maps/UEDPIE_0_Example_Map.Example_Map (0.085703s)
[2015.01.23-01.24.58:675][989]LogWorld: Game class is 'BP_WEGameMode_C'
[2015.01.23-01.24.58:677][989]LogAIModule: Creating AISystem for world Example_Map
[2015.01.23-01.24.58:684][989]LogWorld: Bringing World /Game/Maps/UEDPIE_0_Example_Map.Example_Map up for play (max tick rate 0) at 2015.01.22-20.24.58
[2015.01.23-01.24.58:684][989]LogWorld: Bringing up level for play took: 0.007432
[2015.01.23-01.24.58:686][989]PIE: Info Play in editor start time for /Game/Maps/UEDPIE_0_Example_Map -0.367
[2015.01.23-01.25.27:130][931]LogParticles: Destroying 0 GPU particle simulations for FXSystem 0x00000000192362A0
[2015.01.23-01.25.53:971][577]LogUObjectGlobals:Warning: Failed to find object 'Object None.'
[2015.01.23-01.25.53:971][577]LogUObjectGlobals:Warning: Failed to find object 'Object None.'
[2015.01.23-01.25.53:971][577]LogUObjectGlobals:Warning: Failed to find object 'Object None.'
[2015.01.23-01.25.53:972][577]LogProperty:Warning: ObjectProperty /Script/Engine.EdGraphPin:LinkedTo.LinkedTo: unresolved reference to 'EdGraphPin'"K2Node_CallFunction_74670.EdGraphPin_4382"''
[2015.01.23-01.25.53:972][577]LogProperty:Warning: ObjectProperty /Script/Engine.EdGraphPin:LinkedTo.LinkedTo: unresolved reference to 'EdGraphPin'"K2Node_CallFunction_99155.EdGraphPin_4836"''
[2015.01.23-01.26.04:075][ 99]BlueprintLog: New page: Compile BP_WorldEater
[2015.01.23-01.26.04:177][ 99]BlueprintEditorCompileResults: Info [5457.47] Compile of BP_WorldEater successful! [in 4 ms]
[2015.01.23-01.26.07:433][354]LogPlayLevel: PIE:  No blueprints needed recompiling
[2015.01.23-01.26.07:434][354]PIE: New page: PIE session: Example_Map (Jan 22, 2015, 3:26:07 PM)
[2015.01.23-01.26.07:525][354]LogPlayLevel: PIE: StaticDuplicateObject took: (0.091092s)
[2015.01.23-01.26.07:527][354]LogPlayLevel: PIE: World Init took: (0.002389s)
[2015.01.23-01.26.07:527][354]LogPlayLevel: PIE: Created PIE world by copying editor world from /Game/Maps/Example_Map.Example_Map to /Game/Maps/UEDPIE_0_Example_Map.Example_Map (0.093729s)
[2015.01.23-01.26.07:557][354]LogWorld: Game class is 'BP_WEGameMode_C'
[2015.01.23-01.26.07:558][354]LogAIModule: Creating AISystem for world Example_Map
[2015.01.23-01.26.07:566][354]LogWorld: Bringing World /Game/Maps/UEDPIE_0_Example_Map.Example_Map up for play (max tick rate 0) at 2015.01.22-20.26.07
[2015.01.23-01.26.07:567][354]LogWorld: Bringing up level for play took: 0.008446
[2015.01.23-01.26.07:568][354]PIE: Info Play in editor start time for /Game/Maps/UEDPIE_0_Example_Map 0.515
[2015.01.23-01.26.55:187][278]LogParticles: Destroying 0 GPU particle simulations for FXSystem 0x000000001ED2E480
[2015.01.23-01.27.14:091][917]LogSavePackage: Save=655.523499ms
[2015.01.23-01.27.14:091][917]LogSavePackage: Moving '../../../../../../Users/Andromeda/Documents/Unreal Projects/WorldEater/Saved/Example_Map1C144494495A882636D177B7E10A6BBD.tmp' to '../../../../../../Users/Andromeda/Documents/Unreal Projects/WorldEater/Content/Maps/Example_Map.umap'
[2015.01.23-01.27.15:998][ 84]LogPlayLevel: PIE:  No blueprints needed recompiling
[2015.01.23-01.27.15:998][ 84]PIE: New page: PIE session: Example_Map (Jan 22, 2015, 3:27:15 PM)
[2015.01.23-01.27.16:082][ 84]LogPlayLevel: PIE: StaticDuplicateObject took: (0.083333s)
[2015.01.23-01.27.16:084][ 84]LogPlayLevel: PIE: World Init took: (0.002123s)
[2015.01.23-01.27.16:084][ 84]LogPlayLevel: PIE: Created PIE world by copying editor world from /Game/Maps/Example_Map.Example_Map to /Game/Maps/UEDPIE_0_Example_Map.Example_Map (0.085771s)
[2015.01.23-01.27.16:109][ 84]LogWorld: Game class is 'BP_WEGameMode_C'
[2015.01.23-01.27.16:111][ 84]LogAIModule: Creating AISystem for world Example_Map
[2015.01.23-01.27.16:118][ 84]LogWorld: Bringing World /Game/Maps/UEDPIE_0_Example_Map.Example_Map up for play (max tick rate 0) at 2015.01.22-20.27.16
[2015.01.23-01.27.16:119][ 84]LogWorld: Bringing up level for play took: 0.007747
[2015.01.23-01.27.16:120][ 84]PIE: Info Play in editor start time for /Game/Maps/UEDPIE_0_Example_Map 1.066
[2015.01.23-01.27.28:463][346]LogParticles: Destroying 0 GPU particle simulations for FXSystem 0x000000001FBA5E40
[2015.01.23-01.33.54:277][549]Cmd: TRANSACTION UNDO
[2015.01.23-01.33.54:277][549]LogEditorTransaction: Undo Rename Action Mapping
[2015.01.23-01.33.54:469][561]Cmd: TRANSACTION UNDO
[2015.01.23-01.33.54:469][561]LogEditorTransaction: Undo Rename Action Mapping
[2015.01.23-01.35.23:556][590]BlueprintLog: New page: Pre-PIE auto-recompile
[2015.01.23-01.35.23:560][590]LogPlayLevel: [PIE] Compiling BP_WorldEater before PIE...
[2015.01.23-01.35.23:650][590]LogPlayLevel: PIE:  Blueprint regeneration took 94 ms (1 blueprints)
[2015.01.23-01.35.23:650][590]PIE: New page: PIE session: Example_Map (Jan 22, 2015, 3:35:23 PM)
[2015.01.23-01.35.23:743][590]LogPlayLevel: PIE: StaticDuplicateObject took: (0.092869s)
[2015.01.23-01.35.23:744][590]LogPlayLevel: PIE: World Init took: (0.001364s)
[2015.01.23-01.35.23:745][590]LogPlayLevel: PIE: Created PIE world by copying editor world from /Game/Maps/Example_Map.Example_Map to /Game/Maps/UEDPIE_0_Example_Map.Example_Map (0.094627s)
[2015.01.23-01.35.23:774][590]LogWorld: Game class is 'BP_WEGameMode_C'
[2015.01.23-01.35.23:775][590]LogAIModule: Creating AISystem for world Example_Map
[2015.01.23-01.35.23:782][590]LogWorld: Bringing World /Game/Maps/UEDPIE_0_Example_Map.Example_Map up for play (max tick rate 0) at 2015.01.22-20.35.23
[2015.01.23-01.35.23:783][590]LogWorld: Bringing up level for play took: 0.007398
[2015.01.23-01.35.23:784][590]PIE: Info Play in editor start time for /Game/Maps/UEDPIE_0_Example_Map 0.728
[2015.01.23-01.36.16:883][ 27]LogParticles: Destroying 0 GPU particle simulations for FXSystem 0x000000002551B740
[2015.01.23-01.38.19:183][474]LogFileHelpers: Editor autosave (incl. sublevels) for '/Game/Maps/Example_Map' took 0.030
[2015.01.23-01.38.19:200][474]OBJ SavePackage: Generating thumbnails for [1] asset(s) in package [/Game/Blueprints/BP_WorldEater] ([1] browsable assets)...
[2015.01.23-01.38.19:233][474]OBJ SavePackage:     Rendered thumbnail for [Blueprint /Game/Blueprints/BP_WorldEater.BP_WorldEater]
[2015.01.23-01.38.19:233][474]OBJ SavePackage: Finished generating thumbnails for package [/Game/Blueprints/BP_WorldEater]
[2015.01.23-01.38.19:676][474]LogSavePackage: Save=410.897583ms
[2015.01.23-01.38.19:676][474]LogSavePackage: Moving '../../../../../../Users/Andromeda/Documents/Unreal Projects/WorldEater/Saved/BP_WorldEater_Auto4FE0F1CEC4330F2165DF24790A4464D1A.tmp' to '../../../../../../Users/Andromeda/Documents/Unreal Projects/WorldEater/Saved/Autosaves/Game/Blueprints/BP_WorldEater_Auto4.uasset'
[2015.01.23-01.38.19:691][474]LogFileHelpers: Auto-saving content packages took 0.508
[2015.01.23-01.39.20:859][ 85]LogTabManager:Warning: Cannot spawn tab because no spawner is registered for 'MyBlueprint'
[2015.01.23-01.39.20:859][ 85]LogTabManager:Warning: Cannot spawn tab because no spawner is registered for 'Inspector'
[2015.01.23-01.39.49:960][355]BlueprintLog: New page: Compile BP_WorldEater
[2015.01.23-01.39.50:084][355]BlueprintEditorCompileResults: Info [6283.36] Compile of BP_WorldEater successful! [in 4 ms]
[2015.01.23-01.41.10:340][318]LogSavePackage: Save=670.897705ms
[2015.01.23-01.41.10:340][318]LogSavePackage: Moving '../../../../../../Users/Andromeda/Documents/Unreal Projects/WorldEater/Saved/Example_MapC7933D74429570CACB0FBE8CF419A38F.tmp' to '../../../../../../Users/Andromeda/Documents/Unreal Projects/WorldEater/Content/Maps/Example_Map.umap'
[2015.01.23-01.41.12:532][444]Cmd: OBJ SAVEPACKAGE PACKAGE="/Game/Blueprints/BP_WorldEater" FILE="../../../../../../Users/Andromeda/Documents/Unreal Projects/WorldEater/Content/Blueprints/BP_WorldEater.uasset" SILENT=true
[2015.01.23-01.41.12:934][444]LogSavePackage: Save=392.526917ms
[2015.01.23-01.41.12:934][444]LogSavePackage: Moving '../../../../../../Users/Andromeda/Documents/Unreal Projects/WorldEater/Saved/BP_WorldEater6019FDA14198ECE8AAA43EA0F28F3487.tmp' to '../../../../../../Users/Andromeda/Documents/Unreal Projects/WorldEater/Content/Blueprints/BP_WorldEater.uasset'
[2015.01.23-01.43.13:377][504]LogTabManager:Warning: Cannot spawn tab because no spawner is registered for 'MyBlueprint'
[2015.01.23-01.43.13:377][504]LogTabManager:Warning: Cannot spawn tab because no spawner is registered for 'Inspector'
[2015.01.23-01.43.31:328][328]BlueprintLog: New page: Compile BP_WorldEater
[2015.01.23-01.43.31:472][328]BlueprintEditorCompileResults: Info [6504.72] Compile of BP_WorldEater successful! [in 5 ms]
[2015.01.23-01.44.37:178][170]LogUObjectGlobals:Warning: Failed to find object 'Object None.'
[2015.01.23-01.47.52:684][359]LogTabManager:Warning: Cannot spawn tab because no spawner is registered for 'MyBlueprint'
[2015.01.23-01.47.52:684][359]LogTabManager:Warning: Cannot spawn tab because no spawner is registered for 'Inspector'
[2015.01.23-01.49.50:036][982]Cmd: CLOSE_SLATE_MAINFRAME
[2015.01.23-01.49.52:872][982]Cmd: OBJ SAVEPACKAGE PACKAGE="/Game/Blueprints/BP_WorldEater" FILE="../../../../../../Users/Andromeda/Documents/Unreal Projects/WorldEater/Content/Blueprints/BP_WorldEater.uasset" SILENT=true
[2015.01.23-01.49.53:270][982]LogSavePackage: Save=386.953857ms
[2015.01.23-01.49.53:270][982]LogSavePackage: Moving '../../../../../../Users/Andromeda/Documents/Unreal Projects/WorldEater/Saved/BP_WorldEater068195DA41ECDB82269355ABD0FFD895.tmp' to '../../../../../../Users/Andromeda/Documents/Unreal Projects/WorldEater/Content/Blueprints/BP_WorldEater.uasset'
[2015.01.23-01.49.53:280][982]Cmd: OBJ SAVEPACKAGE PACKAGE="/Game/Blueprints/BP_WorldEaterGM" FILE="../../../../../../Users/Andromeda/Documents/Unreal Projects/WorldEater/Content/Blueprints/BP_WorldEaterGM.uasset" SILENT=true
[2015.01.23-01.49.53:287][982]LogSavePackage: Save=4.482372ms
[2015.01.23-01.49.53:287][982]LogSavePackage: Moving '../../../../../../Users/Andromeda/Documents/Unreal Projects/WorldEater/Saved/BP_WorldEaterGM3955FECD42716522E5D8C097D9847284.tmp' to '../../../../../../Users/Andromeda/Documents/Unreal Projects/WorldEater/Content/Blueprints/BP_WorldEaterGM.uasset'
[2015.01.23-01.49.53:758][983]Cmd: QUIT_EDITOR
[2015.01.23-01.49.54:026][983]LogWindowsTextInputMethodSystem:Error: Terminating failed while unadvising the language notification sink from the TSF source.
[2015.01.23-01.49.54:030][983]LogExit: Preparing to exit.
[2015.01.23-01.49.54:370][983]LogExit: Editor shut down
[2015.01.23-01.49.54:371][983]LogExit: Transaction tracking system shut down
[2015.01.23-01.49.54:372][983]LogParticles: Destroying 0 GPU particle simulations for FXSystem 0x00000000110BE980
[2015.01.23-01.49.54:376][983]LogParticles: Destroying 0 GPU particle simulations for FXSystem 0x000000001FBA7CE0
[2015.01.23-01.49.54:426][983]LogParticles: Destroying 0 GPU particle simulations for FXSystem 0x0000000025485940
[2015.01.23-01.49.54:426][983]LogParticles: Destroying 0 GPU particle simulations for FXSystem 0x00000000172C8EA0
[2015.01.23-01.49.54:426][983]LogParticles: Destroying 0 GPU particle simulations for FXSystem 0x0000000025487600
[2015.01.23-01.49.54:426][983]LogExit: Object subsystem successfully closed.
[2015.01.23-01.49.54:489][983]LogModuleManager: Shutting down and abandoning module Merge (163)
[2015.01.23-01.49.54:489][983]LogModuleManager: Shutting down and abandoning module ExternalImagePicker (162)
[2015.01.23-01.49.54:489][983]LogModuleManager: Shutting down and abandoning module AndroidDeviceDetection (161)
[2015.01.23-01.49.54:489][983]LogModuleManager: Shutting down and abandoning module HTTP (160)
[2015.01.23-01.49.54:489][983]LogModuleManager: Shutting down and abandoning module CrashTracker (159)
[2015.01.23-01.49.54:489][983]LogModuleManager: Shutting down and abandoning module SuperSearch (158)
[2015.01.23-01.49.54:489][983]LogModuleManager: Shutting down and abandoning module SceneOutliner (157)
[2015.01.23-01.49.54:489][983]LogModuleManager: Shutting down and abandoning module EditorWidgets (156)
[2015.01.23-01.49.54:489][983]LogModuleManager: Shutting down and abandoning module CollectionManager (155)
[2015.01.23-01.49.54:489][983]LogModuleManager: Shutting down and abandoning module StatsViewer (154)
[2015.01.23-01.49.54:489][983]LogModuleManager: Shutting down and abandoning module FoliageEdit (153)
[2015.01.23-01.49.54:489][983]LogModuleManager: Shutting down and abandoning module LandscapeEditor (152)
[2015.01.23-01.49.54:489][983]LogModuleManager: Shutting down and abandoning module MeshPaint (151)
[2015.01.23-01.49.54:489][983]LogModuleManager: Shutting down and abandoning module ActorPickerMode (150)
[2015.01.23-01.49.54:489][983]LogModuleManager: Shutting down and abandoning module GeometryMode (149)
[2015.01.23-01.49.54:489][983]LogModuleManager: Shutting down and abandoning module TextureAlignMode (148)
[2015.01.23-01.49.54:489][983]LogModuleManager: Shutting down and abandoning module BspMode (147)
[2015.01.23-01.49.54:489][983]LogModuleManager: Shutting down and abandoning module PlacementMode (146)
[2015.01.23-01.49.54:489][983]LogModuleManager: Shutting down and abandoning module DesktopPlatform (145)
[2015.01.23-01.49.54:489][983]LogModuleManager: Shutting down and abandoning module AutomationWorker (144)
[2015.01.23-01.49.54:489][983]LogModuleManager: Shutting down and abandoning module EditorLiveStreaming (143)
[2015.01.23-01.49.54:489][983]LogModuleManager: Shutting down and abandoning module BehaviorTreeEditor (142)
[2015.01.23-01.49.54:489][983]LogModuleManager: Shutting down and abandoning module DeviceProfileEditor (141)
[2015.01.23-01.49.54:489][983]LogModuleManager: Shutting down and abandoning module UndoHistory (140)
[2015.01.23-01.49.54:489][983]LogModuleManager: Shutting down and abandoning module GameplayTagsEditor (139)
[2015.01.23-01.49.54:489][983]LogModuleManager: Shutting down and abandoning module UserFeedback (138)
[2015.01.23-01.49.54:489][983]LogModuleManager: Shutting down and abandoning module XmlParser (137)
[2015.01.23-01.49.54:489][983]LogModuleManager: Shutting down and abandoning module Blutility (136)
[2015.01.23-01.49.54:489][983]LogModuleManager: Shutting down and abandoning module IOSPlatformEditor (135)
[2015.01.23-01.49.54:489][983]LogModuleManager: Shutting down and abandoning module IOSRuntimeSettings (134)
[2015.01.23-01.49.54:489][983]LogModuleManager: Shutting down and abandoning module AndroidPlatformEditor (133)
[2015.01.23-01.49.54:489][983]LogModuleManager: Shutting down and abandoning module AndroidRuntimeSettings (132)
[2015.01.23-01.49.54:489][983]LogModuleManager: Shutting down and abandoning module ProjectTargetPlatformEditor (131)
[2015.01.23-01.49.54:489][983]LogModuleManager: Shutting down and abandoning module ProjectSettingsViewer (130)
[2015.01.23-01.49.54:489][983]LogModuleManager: Shutting down and abandoning module InputBindingEditor (129)
[2015.01.23-01.49.54:490][983]LogModuleManager: Shutting down and abandoning module EditorSettingsViewer (128)
[2015.01.23-01.49.54:490][983]LogModuleManager: Shutting down and abandoning module SettingsEditor (127)
[2015.01.23-01.49.54:490][983]LogModuleManager: Shutting down and abandoning module SessionLauncher (126)
[2015.01.23-01.49.54:490][983]LogModuleManager: Shutting down and abandoning module SessionFrontend (125)
[2015.01.23-01.49.54:490][983]LogModuleManager: Shutting down and abandoning module ProfilerClient (124)
[2015.01.23-01.49.54:490][983]LogModuleManager: Shutting down and abandoning module TargetDeviceServices (123)
[2015.01.23-01.49.54:490][983]LogModuleManager: Shutting down and abandoning module DeviceManager (122)
[2015.01.23-01.49.54:490][983]LogModuleManager: Shutting down and abandoning module AutomationController (121)
[2015.01.23-01.49.54:490][983]LogModuleManager: Shutting down and abandoning module AutomationWindow (120)
[2015.01.23-01.49.54:490][983]LogModuleManager: Shutting down and abandoning module Layers (119)
[2015.01.23-01.49.54:490][983]LogModuleManager: Shutting down and abandoning module ComponentVisualizers (118)
[2015.01.23-01.49.54:490][983]LogModuleManager: Shutting down and abandoning module DetailCustomizations (117)
[2015.01.23-01.49.54:490][983]LogModuleManager: Shutting down and abandoning module PackagesDialog (116)
[2015.01.23-01.49.54:490][983]LogModuleManager: Shutting down and abandoning module DirectoryWatcher (115)
[2015.01.23-01.49.54:491][983]LogModuleManager: Shutting down and abandoning module AssetRegistry (114)
[2015.01.23-01.49.54:522][983]LogModuleManager: Shutting down and abandoning module Persona (113)
[2015.01.23-01.49.54:522][983]LogModuleManager: Shutting down and abandoning module GraphEditor (112)
[2015.01.23-01.49.54:522][983]LogModuleManager: Shutting down and abandoning module ClassViewer (111)
[2015.01.23-01.49.54:522][983]LogModuleManager: Shutting down and abandoning module Toolbox (110)
[2015.01.23-01.49.54:522][983]LogModuleManager: Shutting down and abandoning module ModuleUI (109)
[2015.01.23-01.49.54:522][983]LogModuleManager: Shutting down and abandoning module Sequencer (108)
[2015.01.23-01.49.54:522][983]LogModuleManager: Shutting down and abandoning module MovieSceneTools (107)
[2015.01.23-01.49.54:522][983]LogModuleManager: Shutting down and abandoning module OutputLog (106)
[2015.01.23-01.49.54:522][983]LogModuleManager: Shutting down and abandoning module GammaUI (105)
[2015.01.23-01.49.54:522][983]LogModuleManager: Shutting down and abandoning module Documentation (104)
[2015.01.23-01.49.54:522][983]LogModuleManager: Shutting down and abandoning module GameLiveStreaming (103)
[2015.01.23-01.49.54:522][983]LogModuleManager: Shutting down and abandoning module StreamingPauseRendering (102)
[2015.01.23-01.49.54:522][983]LogModuleManager: Shutting down and abandoning module AnalyticsET (101)
[2015.01.23-01.49.54:522][983]LogModuleManager: Shutting down and abandoning module Analytics (100)
[2015.01.23-01.49.54:522][983]LogModuleManager: Shutting down and abandoning module GameplayDebugger (99)
[2015.01.23-01.49.54:522][983]LogModuleManager: Shutting down and abandoning module AIModule (98)
[2015.01.23-01.49.54:522][983]LogModuleManager: Shutting down and abandoning module ProfilerService (97)
[2015.01.23-01.49.54:667][983]LogModuleManager: Shutting down and abandoning module TaskGraph (96)
[2015.01.23-01.49.54:667][983]LogModuleManager: Shutting down and abandoning module SlateRemote (95)
[2015.01.23-01.49.54:667][983]LogModuleManager: Shutting down and abandoning module ScriptEditorPlugin (94)
[2015.01.23-01.49.54:667][983]LogModuleManager: Shutting down and abandoning module CustomMeshComponent (93)
[2015.01.23-01.49.54:667][983]LogModuleManager: Shutting down and abandoning module CableComponent (92)
[2015.01.23-01.49.54:667][983]LogModuleManager: Shutting down and abandoning module MessagingDebugger (91)
[2015.01.23-01.49.54:667][983]LogModuleManager: Shutting down and abandoning module ViewportSnapping (90)
[2015.01.23-01.49.54:667][983]LogModuleManager: Shutting down and abandoning module SmartSnapping (89)
[2015.01.23-01.49.54:667][983]LogModuleManager: Shutting down and abandoning module PaperTiledImporter (88)
[2015.01.23-01.49.54:667][983]LogModuleManager: Shutting down and abandoning module PaperJsonImporter (87)
[2015.01.23-01.49.54:667][983]LogModuleManager: Shutting down and abandoning module GameProjectGeneration (86)
[2015.01.23-01.49.54:667][983]LogModuleManager: Shutting down and abandoning module Matinee (85)
[2015.01.23-01.49.54:667][983]LogModuleManager: Shutting down and abandoning module Kismet (84)
[2015.01.23-01.49.54:667][983]LogModuleManager: Shutting down and abandoning module SlateReflector (83)
[2015.01.23-01.49.54:667][983]LogModuleManager: Shutting down and abandoning module LevelEditor (82)
[2015.01.23-01.49.54:668][983]LogModuleManager: Shutting down and abandoning module IntroTutorials (81)
[2015.01.23-01.49.54:669][983]LogModuleManager: Shutting down and abandoning module ContentBrowser (80)
[2015.01.23-01.49.54:669][983]LogModuleManager: Shutting down and abandoning module PropertyEditor (79)
[2015.01.23-01.49.54:669][983]LogModuleManager: Shutting down and abandoning module AssetTools (78)
[2015.01.23-01.49.54:669][983]LogModuleManager: Shutting down and abandoning module Paper2DEditor (77)
[2015.01.23-01.49.54:669][983]LogModuleManager: Shutting down and abandoning module SpeedTreeImporter (76)
[2015.01.23-01.49.54:669][983]LogModuleManager: Shutting down and abandoning module PluginsEditor (75)
[2015.01.23-01.49.54:669][983]LogModuleManager: Shutting down and abandoning module MainFrame (74)
[2015.01.23-01.49.54:669][983]LogModuleManager: Shutting down and abandoning module EpicSurvey (73)
[2015.01.23-01.49.54:669][983]LogModuleManager: Shutting down and abandoning module VisualStudioSourceCodeAccess (72)
[2015.01.23-01.49.54:669][983]LogModuleManager: Shutting down and abandoning module UObjectPlugin (71)
[2015.01.23-01.49.54:669][983]LogModuleManager: Shutting down and abandoning module SubversionSourceControl (70)
[2015.01.23-01.49.54:669][983]LogModuleManager: Shutting down and abandoning module SourceControl (69)
[2015.01.23-01.49.54:669][983]LogModuleManager: Shutting down and abandoning module PerforceSourceControl (68)
[2015.01.23-01.49.54:669][983]LogModuleManager: Shutting down and abandoning module BlankPlugin (67)
[2015.01.23-01.49.54:669][983]LogModuleManager: Shutting down and abandoning module ScriptPlugin (66)
[2015.01.23-01.49.54:669][983]LogModuleManager: Shutting down and abandoning module UdpMessaging (65)
[2015.01.23-01.49.54:769][983]LogModuleManager: Shutting down and abandoning module Paper2D (64)
[2015.01.23-01.49.54:769][983]LogModuleManager: Shutting down and abandoning module WindowsMoviePlayer (63)
[2015.01.23-01.49.54:773][983]LogModuleManager: Shutting down and abandoning module ImageWrapper (62)
[2015.01.23-01.49.54:773][983]LogModuleManager: Shutting down and abandoning module OnlineBlueprintSupport (61)
[2015.01.23-01.49.54:773][983]LogModuleManager: Shutting down and abandoning module FunctionalTesting (60)
[2015.01.23-01.49.54:773][983]LogModuleManager: Shutting down and abandoning module CollisionAnalyzer (59)
[2015.01.23-01.49.54:773][983]LogModuleManager: Shutting down and abandoning module WorkspaceMenuStructure (58)
[2015.01.23-01.49.54:773][983]LogModuleManager: Shutting down and abandoning module MessageLog (57)
[2015.01.23-01.49.54:773][983]LogModuleManager: Shutting down and abandoning module UMGEditor (56)
[2015.01.23-01.49.54:773][983]LogModuleManager: Shutting down and abandoning module UMG (55)
[2015.01.23-01.49.54:773][983]LogModuleManager: Shutting down and abandoning module Slate (54)
[2015.01.23-01.49.54:773][983]LogModuleManager: Shutting down and abandoning module EditorStyle (53)
[2015.01.23-01.49.54:775][983]LogModuleManager: Shutting down and abandoning module SessionServices (52)
[2015.01.23-01.49.54:775][983]LogModuleManager: Shutting down and abandoning module SourceCodeAccess (51)
[2015.01.23-01.49.54:775][983]LogModuleManager: Shutting down and abandoning module HeadMountedDisplay (50)
[2015.01.23-01.49.54:775][983]LogModuleManager: Shutting down and abandoning module XAudio2 (49)
[2015.01.23-01.49.54:775][983]LogModuleManager: Shutting down and abandoning module Networking (47)
[2015.01.23-01.49.54:775][983]LogModuleManager: Shutting down and abandoning module Core (46)
[2015.01.23-01.49.54:775][983]LogModuleManager: Shutting down and abandoning module KismetCompiler (45)
[2015.01.23-01.49.54:775][983]LogModuleManager: Shutting down and abandoning module PhysXFormats (44)
[2015.01.23-01.49.54:775][983]LogModuleManager: Shutting down and abandoning module MeshUtilities (43)
[2015.01.23-01.49.54:776][983]LogModuleManager: Shutting down and abandoning module DerivedDataCache (42)
[2015.01.23-01.49.54:858][983]LogDerivedDataCache: Shutdown
[2015.01.23-01.49.54:858][983]LogModuleManager: Shutting down and abandoning module ShaderFormatOpenGL (41)
[2015.01.23-01.49.54:858][983]LogModuleManager: Shutting down and abandoning module ShaderFormatD3D (40)
[2015.01.23-01.49.54:858][983]LogModuleManager: Shutting down and abandoning module MetalShaderFormat (39)
[2015.01.23-01.49.54:858][983]LogModuleManager: Shutting down and abandoning module TextureFormatUncompressed (38)
[2015.01.23-01.49.54:858][983]LogModuleManager: Shutting down and abandoning module TextureFormatPVR (37)
[2015.01.23-01.49.54:858][983]LogModuleManager: Shutting down and abandoning module TextureFormatDXT (36)
[2015.01.23-01.49.54:858][983]LogModuleManager: Shutting down and abandoning module TextureFormatAndroid (35)
[2015.01.23-01.49.54:858][983]LogModuleManager: Shutting down and abandoning module AudioFormatOpus (34)
[2015.01.23-01.49.54:858][983]LogModuleManager: Shutting down and abandoning module AudioFormatOgg (33)
[2015.01.23-01.49.54:858][983]LogModuleManager: Shutting down and abandoning module AudioFormatADPCM (32)
[2015.01.23-01.49.54:858][983]LogModuleManager: Shutting down and abandoning module Messaging (31)
[2015.01.23-01.49.54:858][983]LogModuleManager: Shutting down and abandoning module IOSTargetPlatform (30)
[2015.01.23-01.49.54:858][983]LogModuleManager: Shutting down and abandoning module Android_PVRTCTargetPlatform (29)
[2015.01.23-01.49.54:858][983]LogModuleManager: Shutting down and abandoning module Android_ETC2TargetPlatform (28)
[2015.01.23-01.49.54:858][983]LogModuleManager: Shutting down and abandoning module Android_ETC1TargetPlatform (27)
[2015.01.23-01.49.54:858][983]LogModuleManager: Shutting down and abandoning module Android_DXTTargetPlatform (26)
[2015.01.23-01.49.54:858][983]LogModuleManager: Shutting down and abandoning module Android_ATCTargetPlatform (25)
[2015.01.23-01.49.54:858][983]LogModuleManager: Shutting down and abandoning module AndroidTargetPlatform (24)
[2015.01.23-01.49.54:858][983]LogModuleManager: Shutting down and abandoning module WindowsTargetPlatform (23)
[2015.01.23-01.49.54:858][983]LogModuleManager: Shutting down and abandoning module WindowsServerTargetPlatform (22)
[2015.01.23-01.49.54:858][983]LogModuleManager: Shutting down and abandoning module WindowsNoEditorTargetPlatform (21)
[2015.01.23-01.49.54:858][983]LogModuleManager: Shutting down and abandoning module WindowsClientTargetPlatform (20)
[2015.01.23-01.49.54:858][983]LogModuleManager: Shutting down and abandoning module TargetPlatform (19)
[2015.01.23-01.49.54:858][983]LogModuleManager: Shutting down and abandoning module InputCore (18)
[2015.01.23-01.49.54:858][983]LogModuleManager: Shutting down and abandoning module Settings (17)
[2015.01.23-01.49.54:858][983]LogModuleManager: Shutting down and abandoning module ExampleDeviceProfileSelector (14)
[2015.01.23-01.49.54:858][983]LogModuleManager: Shutting down and abandoning module OculusRift (13)
[2015.01.23-01.49.54:858][983]LogModuleManager: Shutting down and abandoning module TextureCompressor (12)
[2015.01.23-01.49.54:859][983]LogModuleManager: Shutting down and abandoning module ShaderCore (11)
[2015.01.23-01.49.54:859][983]LogModuleManager: Shutting down and abandoning module OpenGLDrv (10)
[2015.01.23-01.49.54:859][983]LogModuleManager: Shutting down and abandoning module D3D11RHI (9)
[2015.01.23-01.49.54:859][983]LogModuleManager: Shutting down and abandoning module SlateRHIRenderer (8)
[2015.01.23-01.49.54:859][983]LogModuleManager: Shutting down and abandoning module Renderer (7)
[2015.01.23-01.49.54:859][983]LogModuleManager: Shutting down and abandoning module Engine (6)
[2015.01.23-01.49.54:859][983]LogModuleManager: Shutting down and abandoning module CoreUObject (5)
[2015.01.23-01.49.54:859][983]LogModuleManager: Shutting down and abandoning module NetworkFile (4)
[2015.01.23-01.49.54:859][983]LogModuleManager: Shutting down and abandoning module StreamingFile (3)
[2015.01.23-01.49.54:859][983]LogModuleManager: Shutting down and abandoning module SandboxFile (2)
[2015.01.23-01.49.54:859][983]LogModuleManager: Shutting down and abandoning module PakFile (1)
[2015.01.23-01.49.54:859][983]LogExit: Exiting.
[2015.01.23-01.49.54:863][983]Log file closed, 01/22/15 20:49:54
