Log file open, 01/22/15 18:41:05
LogInit:Display: Running engine for game: WorldEater
LogInit: Version: 4.4.3-2296771+++depot+UE4-Releases+4.4
LogInit: API Version: 2255576
LogInit: Compiled (64-bit): Sep 13 2014 22:30:58
LogInit: Build Configuration: Development
LogInit: Branch Name: ++depot+UE4-Releases+4.4
LogInit: Command line:  
LogInit: Base directory: C:/Program Files/Unreal Engine/4.4/Engine/Binaries/Win64/
LogInit: Rocket: 1
[2015.01.22-23.41.05:436][  0]LogTaskGraph: Started task graph with 3 named threads and 4 total threads.
[2015.01.22-23.41.05:471][  0]LogOnline:Warning: No default platform service specified for OnlineSubsystem
[2015.01.22-23.41.05:769][  0]LogInit: Presizing for 0 objects not considered by GC, pre-allocating 0 bytes.
[2015.01.22-23.41.05:873][  0]LogInit: Object subsystem initialized
[2015.01.22-23.41.05:884][  0]LogInit: Selected Device Profile: [Windows]
[2015.01.22-23.41.05:884][  0]LogInit: Applying CVar settings loaded from the selected device profile: [Windows]
[2015.01.22-23.41.05:932][  0]LogInit: Computer: ANDROMEDA-PC
[2015.01.22-23.41.05:932][  0]LogInit: User: Andromeda
[2015.01.22-23.41.05:933][  0]LogInit: CPU Page size=4096, Cores=3
[2015.01.22-23.41.05:933][  0]LogInit: High frequency timer resolution =3.418056 MHz
[2015.01.22-23.41.05:933][  0]LogMemory: Memory total: Physical=7.9GB (8GB approx) Virtual=8192.0GB
[2015.01.22-23.41.05:933][  0]LogMemory: Platform Memory Stats for Windows
[2015.01.22-23.41.05:933][  0]LogMemory: Process Physical Memory: 62.98 MB used, 62.98 MB peak
[2015.01.22-23.41.05:933][  0]LogMemory: Process Virtual Memory: 38.54 MB used, 38.54 MB peak
[2015.01.22-23.41.05:933][  0]LogMemory: Physical Memory: 3615.82 MB used, 8140.05 MB total
[2015.01.22-23.41.05:933][  0]LogMemory: Virtual Memory: 263.41 MB used, 8388608.00 MB total
[2015.01.22-23.41.06:100][  0]LogD3D11RHI: Found D3D11 adapter 0: AMD Radeon R7 200 Series (Feature Level 11_0)
[2015.01.22-23.41.06:100][  0]LogD3D11RHI: Adapter has 2025MB of dedicated video memory, 0MB of dedicated system memory, and 3814MB of shared system memory, 1 output[s]
[2015.01.22-23.41.06:100][  0]LogD3D11RHI: Chosen D3D11 Adapter Id = 0
[2015.01.22-23.41.06:108][  0]LogRHI: Texture pool is 1361 MB (70% of 1945 MB)
[2015.01.22-23.41.06:118][  0]LogD3D11RHI: Async texture creation disabled: no driver support
[2015.01.22-23.41.06:451][  0]LogContentStreaming: Texture pool size is 0.000000MB
[2015.01.22-23.41.09:943][  0]LogTargetPlatformManager:Display: Building Assets For Windows
[2015.01.22-23.41.10:740][  0]LogTargetPlatformManager:Display: Building Assets For Windows
[2015.01.22-23.41.10:809][  0]LogDerivedDataCache:Display: Max Cache Size: 512 MB
[2015.01.22-23.41.11:260][  0]LogDerivedDataCache: Loaded boot cache 0.44s 39MB C:/Users/Andromeda/AppData/Local/UnrealEngine/4.4/DerivedDataCache/Boot.ddc.
[2015.01.22-23.41.11:260][  0]LogDerivedDataCache:Display: Loaded Boot cache: C:/Users/Andromeda/AppData/Local/UnrealEngine/4.4/DerivedDataCache/Boot.ddc
[2015.01.22-23.41.11:260][  0]LogDerivedDataCache: FDerivedDataBackendGraph:  Pak pak cache file ../../../../../../Users/Andromeda/Documents/Unreal Projects/WorldEater/DerivedDataCache/DDC.ddp not found, will not use a pak cache.
[2015.01.22-23.41.11:260][  0]LogDerivedDataCache: Unable to find inner node Pak for hierarchical cache Hierarchy.
[2015.01.22-23.41.11:302][  0]LogDerivedDataCache:Display: Pak cache opened for reading ../../../Engine/DerivedDataCache/DDC.ddp.
[2015.01.22-23.41.11:314][  0]LogDerivedDataCache: Using Local data cache path C:/Users/Andromeda/AppData/Local/UnrealEngine/4.4/DerivedDataCache: Writable
[2015.01.22-23.41.13:176][  0]LogMeshUtilities: No automatic mesh reduction module available
[2015.01.22-23.41.13:176][  0]LogMeshUtilities: No automatic mesh merging module available
[2015.01.22-23.41.14:711][  0]LogInit: WinSock: version 1.1 (2.2), MaxSocks=32767, MaxUdp=65467
[2015.01.22-23.41.34:242][  0]LogStats:Warning: MetaData mismatch. Did you assign a stat to two groups? New //STATGROUP_Threads//FMonitoredProcess///Thread_1bc8_0///////STATCAT_Advanced//// old //STATGROUP_Threads//FMonitoredProcess///Thread_c1c_0///////STATCAT_Advanced////
[2015.01.22-23.41.34:243][  0]UdpMessaging: Initializing bridge on interface 0.0.0.0:0 to multicast group 230.0.0.1:6666.
[2015.01.22-23.41.34:427][  0]SourceControl: Info Source control is disabled
[2015.01.22-23.41.34:427][  0]SourceControl: Info Source control is disabled
[2015.01.22-23.41.34:445][  0]SourceControl: Info Source control is disabled
[2015.01.22-23.41.35:454][  0]BlueprintLog: New page: Editor Load
[2015.01.22-23.41.35:931][  0]LogObj: 21438 objects as part of root set at end of initial load.
[2015.01.22-23.41.35:931][  0]LogUObjectAllocator: 4218656 out of 0 bytes used by permanent object pool.
[2015.01.22-23.41.36:282][  0]LogEngine: Initializing Engine...
[2015.01.22-23.41.36:845][  0]LogInit: XAudio2 using 'Speakers (Realtek High Definition Audio)' : 2 channels at 48 kHz using 32 bits per sample (channel mask 0x3)
[2015.01.22-23.41.36:863][  0]LogInit: FAudioDevice initialized.
[2015.01.22-23.41.36:902][  0]LogAIModule: Creating AISystem for world NewWorld
[2015.01.22-23.41.36:960][  0]LogDerivedDataCache: Saved boot cache 0.05s 39MB C:/Users/Andromeda/AppData/Local/UnrealEngine/4.4/DerivedDataCache/Boot.ddc.
[2015.01.22-23.41.36:976][  0]LogInit: Texture streaming: Enabled
[2015.01.22-23.41.37:052][  0]LogInit: Transaction tracking system initialized
[2015.01.22-23.41.37:365][  0]LogAssetRegistry: FAssetRegistry took 0.0097 seconds to start up
[2015.01.22-23.41.39:136][  0]LogTargetPlatformManager:Display: Building Assets For Windows
[2015.01.22-23.41.39:611][  0]LogTargetPlatformManager:Display: Building Assets For Windows
[2015.01.22-23.41.40:039][  0]LogConsoleResponse:Display: 
[2015.01.22-23.41.41:981][  0]LogStats:Warning: MetaData mismatch. Did you assign a stat to two groups? New //STATGROUP_Threads//FMonitoredProcess///Thread_15e8_0///////STATCAT_Advanced//// old //STATGROUP_Threads//FMonitoredProcess///Thread_c1c_0///////STATCAT_Advanced////
[2015.01.22-23.41.41:981][  0]LogStats:Warning: MetaData mismatch. Did you assign a stat to two groups? New //STATGROUP_Threads//FMonitoredProcess///Thread_f28_0///////STATCAT_Advanced//// old //STATGROUP_Threads//FMonitoredProcess///Thread_c1c_0///////STATCAT_Advanced////
[2015.01.22-23.41.41:981][  0]SourceControl: Info Source control is disabled
[2015.01.22-23.41.41:981][  0]Cmd: MAP LOAD FILE="../../../../../../Users/Andromeda/Documents/Unreal Projects/WorldEater/Content/Maps/Example_Map.umap" TEMPLATE=0 SHOWPROGRESS=1
[2015.01.22-23.41.42:027][  0]LightingResults: New page: Lighting Build
[2015.01.22-23.41.42:043][  0]MapCheck: New page: Map Check
[2015.01.22-23.41.42:043][  0]LightingResults: New page: Lighting Build
[2015.01.22-23.41.42:058][  0]LogParticles: Destroying 0 GPU particle simulations for FXSystem 0x00000000114A5300
[2015.01.22-23.41.46:402][  0]LogEditorServer: Finished looking for orphan Actors (0.000 secs)
[2015.01.22-23.41.46:402][  0]LogAIModule: Creating AISystem for world Example_Map
[2015.01.22-23.41.46:402][  0]Cmd: MAP CHECKDEP
[2015.01.22-23.41.46:402][  0]MapCheck: New page: Example_Map - Jan 22, 2015, 1:41:46 PM
[2015.01.22-23.41.46:533][  0]MapCheck: Info ========== Map Check: 0 Error(s), 0 Warning(s), [130.945ms] ==========
[2015.01.22-23.41.46:533][  0]LogFileHelpers: Loading map 'Example_Map' took 4.553
[2015.01.22-23.41.46:911][  0]LogCollectionManager: Loaded 0 collections in 0.001226 seconds
[2015.01.22-23.41.47:646][  0]LogCrashTracker: Crashtracker disabled due to settings.
[2015.01.22-23.41.47:764][  0]LogLoad: Full Startup: 47.23 seconds (BP compile: 0.07 seconds)
[2015.01.22-23.41.47:780][  0]LogContentBrowser:Verbose: The content browser source was changed by the sources view to '/Game/Blueprints'
[2015.01.22-23.41.48:177][  0]LogRenderer:Warning: Reallocating scene render targets to support 568x680.
[2015.01.22-23.41.48:512][  2]LogAssetRegistry: Asset discovery search completed in 11.1564 seconds
[2015.01.22-23.46.08:664][866]LogContentBrowser:Verbose: The content browser source was changed by the sources view to '/Game/Blueprints'
[2015.01.22-23.48.00:234][386]LogParticles: Destroying 0 GPU particle simulations for FXSystem 0x000000000572B740
[2015.01.22-23.48.03:693][502]BlueprintLog:Warning: Warning Blueprint FlyingGameMode has been migrated and requires re-saving to avoid import errors
[2015.01.22-23.48.04:723][576]LogRenderer:Warning: Reallocating scene render targets to support 968x680.
[2015.01.22-23.48.24:994][110]LogContentBrowser:Verbose: The content browser source was changed by the sources view to '/Game/Blueprints'
[2015.01.22-23.50.55:741][213]LogSlate:Warning: GetFontFace failed to load or process 'Roboto-Regular'
[2015.01.22-23.50.55:744][213]LogSlate:Warning: GetFontFace failed to load or process 'Roboto-Regular'
[2015.01.22-23.50.55:783][213]LogSlate:Warning: GetFontFace failed to load or process 'Roboto-Regular'
[2015.01.22-23.50.55:783][213]LogSlate:Warning: GetFontFace failed to load or process 'Roboto-Regular'
[2015.01.22-23.50.55:784][213]LogSlate:Warning: GetFontFace failed to load or process 'Roboto-Regular'
[2015.01.22-23.50.55:784][213]LogSlate:Warning: GetFontFace failed to load or process 'Roboto-Regular'
[2015.01.22-23.50.55:784][213]LogSlate:Warning: GetFontFace failed to load or process 'Roboto-Regular'
[2015.01.22-23.50.55:784][213]LogSlate:Warning: GetFontFace failed to load or process 'Roboto-Regular'
[2015.01.22-23.50.55:784][213]LogSlate:Warning: GetFontFace failed to load or process 'Roboto-Regular'
[2015.01.22-23.50.55:784][213]LogSlate:Warning: GetFontFace failed to load or process 'Roboto-Regular'
[2015.01.22-23.50.55:784][213]LogSlate:Warning: GetFontFace failed to load or process 'Roboto-Regular'
[2015.01.22-23.50.55:784][213]LogSlate:Warning: GetFontFace failed to load or process 'Roboto-Regular'
[2015.01.22-23.50.55:784][213]LogSlate:Warning: GetFontFace failed to load or process 'Roboto-Regular'
[2015.01.22-23.50.55:785][213]LogSlate:Warning: GetFontFace failed to load or process 'Roboto-Regular'
[2015.01.22-23.50.55:785][213]LogSlate:Warning: GetFontFace failed to load or process 'Roboto-Regular'
[2015.01.22-23.50.55:785][213]LogSlate:Warning: GetFontFace failed to load or process 'Roboto-Regular'
[2015.01.22-23.50.55:785][213]LogSlate:Warning: GetFontFace failed to load or process 'Roboto-Regular'
[2015.01.22-23.50.55:785][213]LogSlate:Warning: GetFontFace failed to load or process 'Roboto-Regular'
[2015.01.22-23.51.35:512][577]LogEditorTransaction: Undo Create Pin Link
[2015.01.22-23.51.35:746][582]LogEditorTransaction: Undo Move Node
[2015.01.22-23.51.36:011][586]LogEditorTransaction: Undo Add Node
[2015.01.22-23.51.36:576][612]LogEditorTransaction: Undo Delete current selection
[2015.01.22-23.51.37:355][650]LogEditorTransaction: Undo Add Node
[2015.01.22-23.51.37:583][658]LogEditorTransaction: Undo Delete current selection
[2015.01.22-23.51.57:033][693]LogParticles: Destroying 0 GPU particle simulations for FXSystem 0x000000001FD476A0
[2015.01.22-23.51.57:042][693]LogFileHelpers: Editor autosave (incl. sublevels) for '/Game/Maps/Example_Map' took 0.044
[2015.01.22-23.51.57:078][693]OBJ SavePackage: Generating thumbnails for [1] asset(s) in package [/Game/Blueprints/BP_Plane] ([1] browsable assets)...
[2015.01.22-23.51.57:118][693]OBJ SavePackage:     Rendered thumbnail for [Blueprint /Game/Blueprints/BP_Plane.BP_Plane]
[2015.01.22-23.51.57:118][693]OBJ SavePackage: Finished generating thumbnails for package [/Game/Blueprints/BP_Plane]
[2015.01.22-23.51.57:577][693]LogSavePackage: Save=429.699799ms
[2015.01.22-23.51.57:577][693]LogSavePackage: Moving '../../../../../../Users/Andromeda/Documents/Unreal Projects/WorldEater/Saved/BP_Plane_Auto1FFE8774E45F45D59204A17A601205E13.tmp' to '../../../../../../Users/Andromeda/Documents/Unreal Projects/WorldEater/Saved/Autosaves/Game/Blueprints/BP_Plane_Auto1.uasset'
[2015.01.22-23.51.57:619][693]OBJ SavePackage: Generating thumbnails for [0] asset(s) in package [/Game/Blueprints/BP_PlayerCharacter] ([1] browsable assets)...
[2015.01.22-23.51.57:634][693]OBJ SavePackage: Finished generating thumbnails for package [/Game/Blueprints/BP_PlayerCharacter]
[2015.01.22-23.51.57:665][693]LogSavePackage: Save=13.907320ms
[2015.01.22-23.51.57:665][693]LogSavePackage: Moving '../../../../../../Users/Andromeda/Documents/Unreal Projects/WorldEater/Saved/BP_PlayerCharacter_Auto1513D0DD543DE89D0976580BD14193CF6.tmp' to '../../../../../../Users/Andromeda/Documents/Unreal Projects/WorldEater/Saved/Autosaves/Game/Blueprints/BP_PlayerCharacter_Auto1.uasset'
[2015.01.22-23.51.57:671][693]LogFileHelpers: Auto-saving content packages took 0.628
[2015.01.22-23.52.01:846][915]BlueprintLog: New page: Compile BP_Plane
[2015.01.22-23.52.01:962][915]BlueprintEditorCompileResults: Info [0661.35] Compile of BP_Plane successful! [in 8 ms]
[2015.01.22-23.52.07:141][391]LogPlayLevel: PIE:  No blueprints needed recompiling
[2015.01.22-23.52.07:141][391]PIE: New page: PIE session: Example_Map (Jan 22, 2015, 1:52:07 PM)
[2015.01.22-23.52.07:238][391]LogPlayLevel: PIE: StaticDuplicateObject took: (0.097075s)
[2015.01.22-23.52.07:241][391]LogPlayLevel: PIE: World Init took: (0.001170s)
[2015.01.22-23.52.07:241][391]LogPlayLevel: PIE: Created PIE world by copying editor world from /Game/Maps/Example_Map.Example_Map to /Game/Maps/UEDPIE_0_Example_Map.Example_Map (0.099791s)
[2015.01.22-23.52.07:330][391]LogWorld: Game class is 'FlyingGameMode_C'
[2015.01.22-23.52.07:332][391]LogAIModule: Creating AISystem for world Example_Map
[2015.01.22-23.52.07:339][391]LogWorld: Bringing World /Game/Maps/UEDPIE_0_Example_Map.Example_Map up for play (max tick rate 0) at 2015.01.22-18.52.07
[2015.01.22-23.52.07:339][391]LogWorld: Bringing up level for play took: 0.007189
[2015.01.22-23.52.07:355][391]PIE: Info Play in editor start time for /Game/Maps/UEDPIE_0_Example_Map 0.329
[2015.01.22-23.52.07:487][392]LogRenderer:Warning: Reallocating scene render targets to support 968x688.
[2015.01.22-23.52.19:754][839]LogParticles: Destroying 0 GPU particle simulations for FXSystem 0x00000000170EC400
[2015.01.22-23.52.29:876][460]BlueprintLog: New page: Compile BP_Plane
[2015.01.22-23.52.29:983][460]BlueprintEditorCompileResults: Info [0689.38] Compile of BP_Plane successful! [in 8 ms]
[2015.01.22-23.52.33:916][803]LogPlayLevel: PIE:  No blueprints needed recompiling
[2015.01.22-23.52.33:917][803]PIE: New page: PIE session: Example_Map (Jan 22, 2015, 1:52:33 PM)
[2015.01.22-23.52.34:000][803]LogPlayLevel: PIE: StaticDuplicateObject took: (0.083729s)
[2015.01.22-23.52.34:003][803]LogPlayLevel: PIE: World Init took: (0.002343s)
[2015.01.22-23.52.34:003][803]LogPlayLevel: PIE: Created PIE world by copying editor world from /Game/Maps/Example_Map.Example_Map to /Game/Maps/UEDPIE_0_Example_Map.Example_Map (0.086369s)
[2015.01.22-23.52.34:029][803]LogWorld: Game class is 'FlyingGameMode_C'
[2015.01.22-23.52.34:030][803]LogAIModule: Creating AISystem for world Example_Map
[2015.01.22-23.52.34:037][803]LogWorld: Bringing World /Game/Maps/UEDPIE_0_Example_Map.Example_Map up for play (max tick rate 0) at 2015.01.22-18.52.34
[2015.01.22-23.52.34:037][803]LogWorld: Bringing up level for play took: 0.006985
[2015.01.22-23.52.34:039][803]PIE: Info Play in editor start time for /Game/Maps/UEDPIE_0_Example_Map 1.012
[2015.01.22-23.52.38:930][370]LogParticles: Destroying 0 GPU particle simulations for FXSystem 0x000000000DE3C900
[2015.01.22-23.54.02:446][774]LogParticles: Destroying 0 GPU particle simulations for FXSystem 0x000000001FB576A0
[2015.01.22-23.54.02:446][774]LogParticles: Destroying 0 GPU particle simulations for FXSystem 0x000000001FF32980
[2015.01.22-23.54.04:884][774]Cmd: MAP LOAD FILE="../../../../../../Users/Andromeda/Documents/Unreal Projects/WorldEater/Content/Maps/Example_Map.umap" TEMPLATE=0 SHOWPROGRESS=1
[2015.01.22-23.54.04:902][774]Cmd: MAP CHECKDEP
[2015.01.22-23.54.04:903][774]MapCheck: New page: Example_Map - Jan 22, 2015, 1:54:04 PM
[2015.01.22-23.54.05:035][774]MapCheck: Info ========== Map Check: 0 Error(s), 0 Warning(s), [132.662ms] ==========
[2015.01.22-23.54.05:035][774]LogFileHelpers: Loading map 'Example_Map' took 0.161
[2015.01.22-23.54.13:349][738]LogPlayLevel: PIE:  No blueprints needed recompiling
[2015.01.22-23.54.13:349][738]PIE: New page: PIE session: Example_Map (Jan 22, 2015, 1:54:13 PM)
[2015.01.22-23.54.13:435][738]LogPlayLevel: PIE: StaticDuplicateObject took: (0.085650s)
[2015.01.22-23.54.13:438][738]LogPlayLevel: PIE: World Init took: (0.002699s)
[2015.01.22-23.54.13:438][738]LogPlayLevel: PIE: Created PIE world by copying editor world from /Game/Maps/Example_Map.Example_Map to /Game/Maps/UEDPIE_0_Example_Map.Example_Map (0.088722s)
[2015.01.22-23.54.13:465][738]LogWorld: Game class is 'FlyingGameMode_C'
[2015.01.22-23.54.13:466][738]LogAIModule: Creating AISystem for world Example_Map
[2015.01.22-23.54.13:472][738]LogWorld: Bringing World /Game/Maps/UEDPIE_0_Example_Map.Example_Map up for play (max tick rate 0) at 2015.01.22-18.54.13
[2015.01.22-23.54.13:473][738]LogWorld: Bringing up level for play took: 0.006880
[2015.01.22-23.54.13:475][738]PIE: Info Play in editor start time for /Game/Maps/UEDPIE_0_Example_Map 0.447
[2015.01.22-23.54.16:690][106]LogParticles: Destroying 0 GPU particle simulations for FXSystem 0x000000001FF5F6A0
[2015.01.22-23.54.23:242][415]Cmd: MAP LOAD FILE="../../../../../../Users/Andromeda/Documents/Unreal Projects/WorldEater/Content/Maps/Minimal_Default.umap" TEMPLATE=0 SHOWPROGRESS=1
[2015.01.22-23.54.23:255][415]LightingResults: New page: Lighting Build
[2015.01.22-23.54.23:276][415]LoadErrors: New page: Loading map: Minimal_Default.umap
[2015.01.22-23.54.23:278][415]MapCheck: New page: Map Check
[2015.01.22-23.54.23:278][415]LightingResults: New page: Lighting Build
[2015.01.22-23.54.23:296][415]LogParticles: Destroying 0 GPU particle simulations for FXSystem 0x0000000012592980
[2015.01.22-23.54.24:593][415]LogEditorServer: Finished looking for orphan Actors (0.000 secs)
[2015.01.22-23.54.24:593][415]LogAIModule: Creating AISystem for world Minimal_Default
[2015.01.22-23.54.24:605][415]Cmd: MAP CHECKDEP
[2015.01.22-23.54.24:605][415]MapCheck: New page: Minimal_Default - Jan 22, 2015, 1:54:24 PM
[2015.01.22-23.54.24:741][415]MapCheck: Info ========== Map Check: 0 Error(s), 0 Warning(s), [136.144ms] ==========
[2015.01.22-23.54.24:741][415]LogFileHelpers: Loading map 'Minimal_Default' took 1.500
[2015.01.22-23.54.36:843][752]Cmd: MAP LOAD FILE="../../../../../../Users/Andromeda/Documents/Unreal Projects/WorldEater/Content/Maps/Example_Map.umap" TEMPLATE=0 SHOWPROGRESS=1
[2015.01.22-23.54.36:844][752]LightingResults: New page: Lighting Build
[2015.01.22-23.54.36:865][752]LoadErrors: New page: Loading map: Example_Map.umap
[2015.01.22-23.54.36:866][752]MapCheck: New page: Map Check
[2015.01.22-23.54.36:866][752]LightingResults: New page: Lighting Build
[2015.01.22-23.54.36:884][752]LogParticles: Destroying 0 GPU particle simulations for FXSystem 0x000000001E264400
[2015.01.22-23.54.37:059][752]LogEditorServer: Finished looking for orphan Actors (0.000 secs)
[2015.01.22-23.54.37:059][752]LogAIModule: Creating AISystem for world Example_Map
[2015.01.22-23.54.37:071][752]Cmd: MAP CHECKDEP
[2015.01.22-23.54.37:071][752]MapCheck: New page: Example_Map - Jan 22, 2015, 1:54:37 PM
[2015.01.22-23.54.37:209][752]MapCheck: Info ========== Map Check: 0 Error(s), 0 Warning(s), [138.121ms] ==========
[2015.01.22-23.54.37:209][752]LogFileHelpers: Loading map 'Example_Map' took 0.367
[2015.01.22-23.54.47:370][667]Cmd: QUIT_EDITOR
[2015.01.22-23.54.47:514][667]LogWindowsTextInputMethodSystem:Error: Terminating failed while unadvising the language notification sink from the TSF source.
[2015.01.22-23.54.47:515][667]LogExit: Preparing to exit.
[2015.01.22-23.54.48:398][667]LogExit: Editor shut down
[2015.01.22-23.54.48:399][667]LogExit: Transaction tracking system shut down
[2015.01.22-23.54.48:402][667]LogParticles: Destroying 0 GPU particle simulations for FXSystem 0x000000001FF5E200
[2015.01.22-23.54.48:403][667]LogParticles: Destroying 0 GPU particle simulations for FXSystem 0x000000001FFE2D40
[2015.01.22-23.54.48:429][667]LogExit: Object subsystem successfully closed.
[2015.01.22-23.54.48:521][667]LogModuleManager: Shutting down and abandoning module Merge (162)
[2015.01.22-23.54.48:521][667]LogModuleManager: Shutting down and abandoning module AndroidDeviceDetection (161)
[2015.01.22-23.54.48:521][667]LogModuleManager: Shutting down and abandoning module HTTP (160)
[2015.01.22-23.54.48:521][667]LogModuleManager: Shutting down and abandoning module CrashTracker (159)
[2015.01.22-23.54.48:521][667]LogModuleManager: Shutting down and abandoning module SuperSearch (158)
[2015.01.22-23.54.48:536][667]LogModuleManager: Shutting down and abandoning module SceneOutliner (157)
[2015.01.22-23.54.48:536][667]LogModuleManager: Shutting down and abandoning module EditorWidgets (156)
[2015.01.22-23.54.48:536][667]LogModuleManager: Shutting down and abandoning module CollectionManager (155)
[2015.01.22-23.54.48:543][667]LogModuleManager: Shutting down and abandoning module StatsViewer (154)
[2015.01.22-23.54.48:543][667]LogModuleManager: Shutting down and abandoning module FoliageEdit (153)
[2015.01.22-23.54.48:543][667]LogModuleManager: Shutting down and abandoning module LandscapeEditor (152)
[2015.01.22-23.54.48:543][667]LogModuleManager: Shutting down and abandoning module MeshPaint (151)
[2015.01.22-23.54.48:543][667]LogModuleManager: Shutting down and abandoning module ActorPickerMode (150)
[2015.01.22-23.54.48:543][667]LogModuleManager: Shutting down and abandoning module GeometryMode (149)
[2015.01.22-23.54.48:543][667]LogModuleManager: Shutting down and abandoning module TextureAlignMode (148)
[2015.01.22-23.54.48:543][667]LogModuleManager: Shutting down and abandoning module BspMode (147)
[2015.01.22-23.54.48:543][667]LogModuleManager: Shutting down and abandoning module PlacementMode (146)
[2015.01.22-23.54.48:543][667]LogModuleManager: Shutting down and abandoning module DesktopPlatform (145)
[2015.01.22-23.54.48:544][667]LogModuleManager: Shutting down and abandoning module AutomationWorker (144)
[2015.01.22-23.54.48:544][667]LogModuleManager: Shutting down and abandoning module EditorLiveStreaming (143)
[2015.01.22-23.54.48:544][667]LogModuleManager: Shutting down and abandoning module BehaviorTreeEditor (142)
[2015.01.22-23.54.48:544][667]LogModuleManager: Shutting down and abandoning module DeviceProfileEditor (141)
[2015.01.22-23.54.48:544][667]LogModuleManager: Shutting down and abandoning module UndoHistory (140)
[2015.01.22-23.54.48:544][667]LogModuleManager: Shutting down and abandoning module GameplayTagsEditor (139)
[2015.01.22-23.54.48:544][667]LogModuleManager: Shutting down and abandoning module UserFeedback (138)
[2015.01.22-23.54.48:544][667]LogModuleManager: Shutting down and abandoning module XmlParser (137)
[2015.01.22-23.54.48:544][667]LogModuleManager: Shutting down and abandoning module Blutility (136)
[2015.01.22-23.54.48:544][667]LogModuleManager: Shutting down and abandoning module IOSPlatformEditor (135)
[2015.01.22-23.54.48:544][667]LogModuleManager: Shutting down and abandoning module IOSRuntimeSettings (134)
[2015.01.22-23.54.48:544][667]LogModuleManager: Shutting down and abandoning module AndroidPlatformEditor (133)
[2015.01.22-23.54.48:544][667]LogModuleManager: Shutting down and abandoning module AndroidRuntimeSettings (132)
[2015.01.22-23.54.48:544][667]LogModuleManager: Shutting down and abandoning module ProjectTargetPlatformEditor (131)
[2015.01.22-23.54.48:544][667]LogModuleManager: Shutting down and abandoning module ProjectSettingsViewer (130)
[2015.01.22-23.54.48:544][667]LogModuleManager: Shutting down and abandoning module InputBindingEditor (129)
[2015.01.22-23.54.48:544][667]LogModuleManager: Shutting down and abandoning module EditorSettingsViewer (128)
[2015.01.22-23.54.48:544][667]LogModuleManager: Shutting down and abandoning module SettingsEditor (127)
[2015.01.22-23.54.48:544][667]LogModuleManager: Shutting down and abandoning module SessionLauncher (126)
[2015.01.22-23.54.48:544][667]LogModuleManager: Shutting down and abandoning module SessionFrontend (125)
[2015.01.22-23.54.48:544][667]LogModuleManager: Shutting down and abandoning module ProfilerClient (124)
[2015.01.22-23.54.48:547][667]LogModuleManager: Shutting down and abandoning module TargetDeviceServices (123)
[2015.01.22-23.54.48:548][667]LogModuleManager: Shutting down and abandoning module DeviceManager (122)
[2015.01.22-23.54.48:548][667]LogModuleManager: Shutting down and abandoning module AutomationController (121)
[2015.01.22-23.54.48:548][667]LogModuleManager: Shutting down and abandoning module AutomationWindow (120)
[2015.01.22-23.54.48:559][667]LogModuleManager: Shutting down and abandoning module Layers (119)
[2015.01.22-23.54.48:559][667]LogModuleManager: Shutting down and abandoning module ComponentVisualizers (118)
[2015.01.22-23.54.48:559][667]LogModuleManager: Shutting down and abandoning module DetailCustomizations (117)
[2015.01.22-23.54.48:559][667]LogModuleManager: Shutting down and abandoning module PackagesDialog (116)
[2015.01.22-23.54.48:559][667]LogModuleManager: Shutting down and abandoning module DirectoryWatcher (115)
[2015.01.22-23.54.48:560][667]LogModuleManager: Shutting down and abandoning module AssetRegistry (114)
[2015.01.22-23.54.48:607][667]LogModuleManager: Shutting down and abandoning module Persona (113)
[2015.01.22-23.54.48:607][667]LogModuleManager: Shutting down and abandoning module GraphEditor (112)
[2015.01.22-23.54.48:607][667]LogModuleManager: Shutting down and abandoning module ClassViewer (111)
[2015.01.22-23.54.48:607][667]LogModuleManager: Shutting down and abandoning module Toolbox (110)
[2015.01.22-23.54.48:607][667]LogModuleManager: Shutting down and abandoning module ModuleUI (109)
[2015.01.22-23.54.48:619][667]LogModuleManager: Shutting down and abandoning module Sequencer (108)
[2015.01.22-23.54.48:636][667]LogModuleManager: Shutting down and abandoning module MovieSceneTools (107)
[2015.01.22-23.54.48:636][667]LogModuleManager: Shutting down and abandoning module OutputLog (106)
[2015.01.22-23.54.48:636][667]LogModuleManager: Shutting down and abandoning module GammaUI (105)
[2015.01.22-23.54.48:647][667]LogModuleManager: Shutting down and abandoning module Documentation (104)
[2015.01.22-23.54.48:647][667]LogModuleManager: Shutting down and abandoning module GameLiveStreaming (103)
[2015.01.22-23.54.48:647][667]LogModuleManager: Shutting down and abandoning module StreamingPauseRendering (102)
[2015.01.22-23.54.48:647][667]LogModuleManager: Shutting down and abandoning module AnalyticsET (101)
[2015.01.22-23.54.48:647][667]LogModuleManager: Shutting down and abandoning module Analytics (100)
[2015.01.22-23.54.48:647][667]LogModuleManager: Shutting down and abandoning module GameplayDebugger (99)
[2015.01.22-23.54.48:647][667]LogModuleManager: Shutting down and abandoning module AIModule (98)
[2015.01.22-23.54.48:647][667]LogModuleManager: Shutting down and abandoning module ProfilerService (97)
[2015.01.22-23.54.48:849][667]LogModuleManager: Shutting down and abandoning module TaskGraph (96)
[2015.01.22-23.54.48:849][667]LogModuleManager: Shutting down and abandoning module SlateRemote (95)
[2015.01.22-23.54.48:849][667]LogModuleManager: Shutting down and abandoning module ScriptEditorPlugin (94)
[2015.01.22-23.54.48:849][667]LogModuleManager: Shutting down and abandoning module CustomMeshComponent (93)
[2015.01.22-23.54.48:849][667]LogModuleManager: Shutting down and abandoning module CableComponent (92)
[2015.01.22-23.54.48:849][667]LogModuleManager: Shutting down and abandoning module MessagingDebugger (91)
[2015.01.22-23.54.48:871][667]LogModuleManager: Shutting down and abandoning module ViewportSnapping (90)
[2015.01.22-23.54.48:871][667]LogModuleManager: Shutting down and abandoning module SmartSnapping (89)
[2015.01.22-23.54.48:871][667]LogModuleManager: Shutting down and abandoning module PaperTiledImporter (88)
[2015.01.22-23.54.48:871][667]LogModuleManager: Shutting down and abandoning module PaperJsonImporter (87)
[2015.01.22-23.54.48:871][667]LogModuleManager: Shutting down and abandoning module GameProjectGeneration (86)
[2015.01.22-23.54.48:871][667]LogModuleManager: Shutting down and abandoning module Matinee (85)
[2015.01.22-23.54.48:871][667]LogModuleManager: Shutting down and abandoning module Kismet (84)
[2015.01.22-23.54.48:871][667]LogModuleManager: Shutting down and abandoning module SlateReflector (83)
[2015.01.22-23.54.48:871][667]LogModuleManager: Shutting down and abandoning module LevelEditor (82)
[2015.01.22-23.54.48:872][667]LogModuleManager: Shutting down and abandoning module IntroTutorials (81)
[2015.01.22-23.54.48:872][667]LogModuleManager: Shutting down and abandoning module ContentBrowser (80)
[2015.01.22-23.54.48:872][667]LogModuleManager: Shutting down and abandoning module PropertyEditor (79)
[2015.01.22-23.54.48:872][667]LogModuleManager: Shutting down and abandoning module AssetTools (78)
[2015.01.22-23.54.48:872][667]LogModuleManager: Shutting down and abandoning module Paper2DEditor (77)
[2015.01.22-23.54.48:872][667]LogModuleManager: Shutting down and abandoning module SpeedTreeImporter (76)
[2015.01.22-23.54.48:872][667]LogModuleManager: Shutting down and abandoning module PluginsEditor (75)
[2015.01.22-23.54.48:872][667]LogModuleManager: Shutting down and abandoning module MainFrame (74)
[2015.01.22-23.54.48:872][667]LogModuleManager: Shutting down and abandoning module EpicSurvey (73)
[2015.01.22-23.54.48:872][667]LogModuleManager: Shutting down and abandoning module VisualStudioSourceCodeAccess (72)
[2015.01.22-23.54.48:872][667]LogModuleManager: Shutting down and abandoning module UObjectPlugin (71)
[2015.01.22-23.54.48:872][667]LogModuleManager: Shutting down and abandoning module SubversionSourceControl (70)
[2015.01.22-23.54.48:872][667]LogModuleManager: Shutting down and abandoning module SourceControl (69)
[2015.01.22-23.54.48:872][667]LogModuleManager: Shutting down and abandoning module PerforceSourceControl (68)
[2015.01.22-23.54.48:872][667]LogModuleManager: Shutting down and abandoning module BlankPlugin (67)
[2015.01.22-23.54.48:872][667]LogModuleManager: Shutting down and abandoning module ScriptPlugin (66)
[2015.01.22-23.54.48:873][667]LogModuleManager: Shutting down and abandoning module UdpMessaging (65)
[2015.01.22-23.54.48:973][667]LogModuleManager: Shutting down and abandoning module Paper2D (64)
[2015.01.22-23.54.48:973][667]LogModuleManager: Shutting down and abandoning module WindowsMoviePlayer (63)
[2015.01.22-23.54.48:977][667]LogModuleManager: Shutting down and abandoning module ImageWrapper (62)
[2015.01.22-23.54.48:977][667]LogModuleManager: Shutting down and abandoning module OnlineBlueprintSupport (61)
[2015.01.22-23.54.48:977][667]LogModuleManager: Shutting down and abandoning module FunctionalTesting (60)
[2015.01.22-23.54.48:977][667]LogModuleManager: Shutting down and abandoning module CollisionAnalyzer (59)
[2015.01.22-23.54.48:977][667]LogModuleManager: Shutting down and abandoning module WorkspaceMenuStructure (58)
[2015.01.22-23.54.48:977][667]LogModuleManager: Shutting down and abandoning module MessageLog (57)
[2015.01.22-23.54.48:977][667]LogModuleManager: Shutting down and abandoning module UMGEditor (56)
[2015.01.22-23.54.48:977][667]LogModuleManager: Shutting down and abandoning module UMG (55)
[2015.01.22-23.54.48:977][667]LogModuleManager: Shutting down and abandoning module Slate (54)
[2015.01.22-23.54.48:977][667]LogModuleManager: Shutting down and abandoning module EditorStyle (53)
[2015.01.22-23.54.48:979][667]LogModuleManager: Shutting down and abandoning module SessionServices (52)
[2015.01.22-23.54.48:979][667]LogModuleManager: Shutting down and abandoning module SourceCodeAccess (51)
[2015.01.22-23.54.48:979][667]LogModuleManager: Shutting down and abandoning module HeadMountedDisplay (50)
[2015.01.22-23.54.48:979][667]LogModuleManager: Shutting down and abandoning module XAudio2 (49)
[2015.01.22-23.54.48:979][667]LogModuleManager: Shutting down and abandoning module Networking (47)
[2015.01.22-23.54.48:979][667]LogModuleManager: Shutting down and abandoning module Core (46)
[2015.01.22-23.54.48:979][667]LogModuleManager: Shutting down and abandoning module KismetCompiler (45)
[2015.01.22-23.54.48:979][667]LogModuleManager: Shutting down and abandoning module PhysXFormats (44)
[2015.01.22-23.54.48:979][667]LogModuleManager: Shutting down and abandoning module MeshUtilities (43)
[2015.01.22-23.54.48:988][667]LogModuleManager: Shutting down and abandoning module DerivedDataCache (42)
[2015.01.22-23.54.48:992][667]LogDerivedDataCache: Shutdown
[2015.01.22-23.54.48:992][667]LogModuleManager: Shutting down and abandoning module ShaderFormatOpenGL (41)
[2015.01.22-23.54.48:998][667]LogModuleManager: Shutting down and abandoning module ShaderFormatD3D (40)
[2015.01.22-23.54.48:998][667]LogModuleManager: Shutting down and abandoning module MetalShaderFormat (39)
[2015.01.22-23.54.49:007][667]LogModuleManager: Shutting down and abandoning module TextureFormatUncompressed (38)
[2015.01.22-23.54.49:007][667]LogModuleManager: Shutting down and abandoning module TextureFormatPVR (37)
[2015.01.22-23.54.49:007][667]LogModuleManager: Shutting down and abandoning module TextureFormatDXT (36)
[2015.01.22-23.54.49:007][667]LogModuleManager: Shutting down and abandoning module TextureFormatAndroid (35)
[2015.01.22-23.54.49:007][667]LogModuleManager: Shutting down and abandoning module AudioFormatOpus (34)
[2015.01.22-23.54.49:007][667]LogModuleManager: Shutting down and abandoning module AudioFormatOgg (33)
[2015.01.22-23.54.49:007][667]LogModuleManager: Shutting down and abandoning module AudioFormatADPCM (32)
[2015.01.22-23.54.49:007][667]LogModuleManager: Shutting down and abandoning module Messaging (31)
[2015.01.22-23.54.49:007][667]LogModuleManager: Shutting down and abandoning module IOSTargetPlatform (30)
[2015.01.22-23.54.49:007][667]LogModuleManager: Shutting down and abandoning module Android_PVRTCTargetPlatform (29)
[2015.01.22-23.54.49:007][667]LogModuleManager: Shutting down and abandoning module Android_ETC2TargetPlatform (28)
[2015.01.22-23.54.49:007][667]LogModuleManager: Shutting down and abandoning module Android_ETC1TargetPlatform (27)
[2015.01.22-23.54.49:007][667]LogModuleManager: Shutting down and abandoning module Android_DXTTargetPlatform (26)
[2015.01.22-23.54.49:007][667]LogModuleManager: Shutting down and abandoning module Android_ATCTargetPlatform (25)
[2015.01.22-23.54.49:007][667]LogModuleManager: Shutting down and abandoning module AndroidTargetPlatform (24)
[2015.01.22-23.54.49:007][667]LogModuleManager: Shutting down and abandoning module WindowsTargetPlatform (23)
[2015.01.22-23.54.49:007][667]LogModuleManager: Shutting down and abandoning module WindowsServerTargetPlatform (22)
[2015.01.22-23.54.49:007][667]LogModuleManager: Shutting down and abandoning module WindowsNoEditorTargetPlatform (21)
[2015.01.22-23.54.49:007][667]LogModuleManager: Shutting down and abandoning module WindowsClientTargetPlatform (20)
[2015.01.22-23.54.49:007][667]LogModuleManager: Shutting down and abandoning module TargetPlatform (19)
[2015.01.22-23.54.49:007][667]LogModuleManager: Shutting down and abandoning module InputCore (18)
[2015.01.22-23.54.49:007][667]LogModuleManager: Shutting down and abandoning module Settings (17)
[2015.01.22-23.54.49:007][667]LogModuleManager: Shutting down and abandoning module ExampleDeviceProfileSelector (14)
[2015.01.22-23.54.49:007][667]LogModuleManager: Shutting down and abandoning module OculusRift (13)
[2015.01.22-23.54.49:007][667]LogModuleManager: Shutting down and abandoning module TextureCompressor (12)
[2015.01.22-23.54.49:007][667]LogModuleManager: Shutting down and abandoning module ShaderCore (11)
[2015.01.22-23.54.49:007][667]LogModuleManager: Shutting down and abandoning module OpenGLDrv (10)
[2015.01.22-23.54.49:007][667]LogModuleManager: Shutting down and abandoning module D3D11RHI (9)
[2015.01.22-23.54.49:007][667]LogModuleManager: Shutting down and abandoning module SlateRHIRenderer (8)
[2015.01.22-23.54.49:007][667]LogModuleManager: Shutting down and abandoning module Renderer (7)
[2015.01.22-23.54.49:007][667]LogModuleManager: Shutting down and abandoning module Engine (6)
[2015.01.22-23.54.49:007][667]LogModuleManager: Shutting down and abandoning module CoreUObject (5)
[2015.01.22-23.54.49:007][667]LogModuleManager: Shutting down and abandoning module NetworkFile (4)
[2015.01.22-23.54.49:007][667]LogModuleManager: Shutting down and abandoning module StreamingFile (3)
[2015.01.22-23.54.49:007][667]LogModuleManager: Shutting down and abandoning module SandboxFile (2)
[2015.01.22-23.54.49:007][667]LogModuleManager: Shutting down and abandoning module PakFile (1)
[2015.01.22-23.54.49:008][667]LogExit: Exiting.
[2015.01.22-23.54.49:016][667]Log file closed, 01/22/15 18:54:49
